parsing command lines
init logger
WARNING: Logging before InitGoogleLogging() is written to STDERR
I0604 11:28:33.562897 113969 global_data.cc:150] [map_datachecker] host ip: 172.20.70.15
I0604 11:28:33.564668 113969 main.cc:28] [map_datachecker] starting worker
I0604 11:28:33.564682 113969 worker.cc:31] [map_datachecker] Mapdatachecker::Start
I0604 11:28:33.564690 113969 worker.cc:34] [map_datachecker] creating agent
parsing command lines done
parsing json config
No such node (topic_to_get_pose)
proj4 init success
I0604 11:28:33.569033 113969 worker_agent.cc:32] [map_datachecker] MapDataCheckerAgent create successfully
I0604 11:28:33.569054 113969 worker.cc:38] [map_datachecker] creating node
I0604 11:28:33.576836 113969 worker_cyber_node.cc:50] [map_datachecker] create bestgnsspos reader, topic: /apollo/sensor/gnss/best_pose
I0604 11:28:33.600108 113969 scheduler.cc:55] [map_datachecker] create croutine: cybernode_map_datachecker_/apollo/sensor/gnss/best_pose
I0604 11:28:33.600551 113969 worker_cyber_node.cc:42] [map_datachecker] map-datachecker cyber node create successfully
I0604 11:28:33.600575 113969 worker.cc:51] [map_datachecker] register service
I0604 11:28:33.605008 113969 worker.cc:57] [map_datachecker] Server listening on 127.0.0.1:50100
1:1242166138.000000 5802925.348574 13774558.753676 1.971787 0.0 0.0 0.0 0.0
2:1242166139.000000 5802925.344140 13774558.749553 1.973861 0.0 0.0 0.0 0.0
3:1242166140.000000 5802925.349724 13774558.745349 1.970081 0.0 0.0 0.0 0.0
4:1242166141.000000 5802925.346493 13774558.747790 1.983947 0.0 0.0 0.0 0.0
5:1242166142.000000 5802925.349550 13774558.751102 1.976127 0.0 0.0 0.0 0.0
6:1242166143.000000 5802925.346794 13774558.756025 1.976238 0.0 0.0 0.0 0.0
7:1242166144.000000 5802925.345237 13774558.753769 1.978491 0.0 0.0 0.0 0.0
8:1242166145.000000 5802925.342513 13774558.747605 1.981016 0.0 0.0 0.0 0.0
9:1242166146.000000 5802925.337433 13774558.752607 1.989215 0.0 0.0 0.0 0.0
10:1242166147.000000 5802925.347704 13774558.752166 1.979198 0.0 0.0 0.0 0.0
11:1242166148.000000 5802925.345409 13774558.752018 1.977844 0.0 0.0 0.0 0.0
12:1242166149.000000 5802925.348344 13774558.751846 1.976269 0.0 0.0 0.0 0.0
13:1242166150.000000 5802925.347431 13774558.750967 1.970255 0.0 0.0 0.0 0.0
14:1242166151.000000 5802925.349768 13774558.749813 1.976870 0.0 0.0 0.0 0.0
15:1242166152.000000 5802925.350278 13774558.757687 1.983274 0.0 0.0 0.0 0.0
16:1242166153.000000 5802925.346932 13774558.750144 1.985283 0.0 0.0 0.0 0.0
17:1242166154.000000 5802925.344404 13774558.749899 1.985240 0.0 0.0 0.0 0.0
18:1242166155.000000 5802925.341499 13774558.742892 1.992016 0.0 0.0 0.0 0.0
19:1242166156.000000 5802925.348307 13774558.745141 1.978473 0.0 0.0 0.0 0.0
20:1242166157.000000 5802925.350562 13774558.745008 1.972862 0.0 0.0 0.0 0.0
21:1242166158.000000 5802925.356013 13774558.750097 1.975097 0.0 0.0 0.0 0.0
22:1242166159.000000 5802925.345926 13774558.750034 1.977680 0.0 0.0 0.0 0.0
23:1242166160.000000 5802925.345581 13774558.745559 1.983634 0.0 0.0 0.0 0.0
24:1242166161.000000 5802925.345290 13774558.739434 1.979917 0.0 0.0 0.0 0.0
25:1242166162.000000 5802925.343563 13774558.749700 1.982691 0.0 0.0 0.0 0.0
26:1242166163.000000 5802925.342078 13774558.744087 1.982269 0.0 0.0 0.0 0.0
27:1242166164.000000 5802925.348967 13774558.747747 1.986303 0.0 0.0 0.0 0.0
28:1242166165.000000 5802925.343764 13774558.740508 1.990122 0.0 0.0 0.0 0.0
29:1242166138.000000 5802925.348574 13774558.753676 1.971787 0.0 0.0 0.0 0.0
30:1242166139.000000 5802925.344140 13774558.749553 1.973861 0.0 0.0 0.0 0.0
31:1242166140.000000 5802925.349724 13774558.745349 1.970081 0.0 0.0 0.0 0.0
32:1242166141.000000 5802925.346493 13774558.747790 1.983947 0.0 0.0 0.0 0.0
33:1242166142.000000 5802925.349550 13774558.751102 1.976127 0.0 0.0 0.0 0.0
34:1242166143.000000 5802925.346794 13774558.756025 1.976238 0.0 0.0 0.0 0.0
35:1242166144.000000 5802925.345237 13774558.753769 1.978491 0.0 0.0 0.0 0.0
36:1242166145.000000 5802925.342513 13774558.747605 1.981016 0.0 0.0 0.0 0.0
37:1242166146.000000 5802925.337433 13774558.752607 1.989215 0.0 0.0 0.0 0.0
38:1242166147.000000 5802925.347704 13774558.752166 1.979198 0.0 0.0 0.0 0.0
39:1242166148.000000 5802925.345409 13774558.752018 1.977844 0.0 0.0 0.0 0.0
40:1242166149.000000 5802925.348344 13774558.751846 1.976269 0.0 0.0 0.0 0.0
41:1242166150.000000 5802925.347431 13774558.750967 1.970255 0.0 0.0 0.0 0.0
42:1242166151.000000 5802925.349768 13774558.749813 1.976870 0.0 0.0 0.0 0.0
43:1242166152.000000 5802925.350278 13774558.757687 1.983274 0.0 0.0 0.0 0.0
44:1242166153.000000 5802925.346932 13774558.750144 1.985283 0.0 0.0 0.0 0.0
45:1242166154.000000 5802925.344404 13774558.749899 1.985240 0.0 0.0 0.0 0.0
46:1242166155.000000 5802925.341499 13774558.742892 1.992016 0.0 0.0 0.0 0.0
47:1242166156.000000 5802925.348307 13774558.745141 1.978473 0.0 0.0 0.0 0.0
48:1242166157.000000 5802925.350562 13774558.745008 1.972862 0.0 0.0 0.0 0.0
49:1242166158.000000 5802925.356013 13774558.750097 1.975097 0.0 0.0 0.0 0.0
50:1242166159.000000 5802925.345926 13774558.750034 1.977680 0.0 0.0 0.0 0.0
51:1242166160.000000 5802925.345581 13774558.745559 1.983634 0.0 0.0 0.0 0.0
52:1242166161.000000 5802925.345290 13774558.739434 1.979917 0.0 0.0 0.0 0.0
53:1242166162.000000 5802925.343563 13774558.749700 1.982691 0.0 0.0 0.0 0.0
54:1242166163.000000 5802925.342078 13774558.744087 1.982269 0.0 0.0 0.0 0.0
55:1242166164.000000 5802925.348967 13774558.747747 1.986303 0.0 0.0 0.0 0.0
56:1242166165.000000 5802925.343764 13774558.740508 1.990122 0.0 0.0 0.0 0.0
