2,116.294868,40.049134,15.3,.0,15.0,2016:08:05:15:09:15,0,1000
2,116.294734,40.048999,17.8,224.8,18.0,2016:08:05:15:09:15,0,2000
2,116.294808,40.048808,17.8,159.0,18.0,2016:08:05:15:09:15,0,3000
2,116.294878,40.048629,18.3,158.7,18.0,2016:08:05:15:09:15,0,4000
2,116.294948,40.048449,21.1,158.7,18.0,2016:08:05:15:09:15,0,5000
2,116.295038,40.048218,25.0,158.7,18.0,2016:08:05:15:09:15,0,6000
2,116.295017,40.047990,24.2,185.1,8.0,2016:08:05:15:09:15,0,7000
2,116.294749,40.047929,22.5,257.1,8.0,2016:08:05:15:09:15,0,8000
2,116.294482,40.047868,20.3,257.1,8.0,2016:08:05:15:09:15,0,9000
2,116.294281,40.047822,16.9,257.1,8.0,2016:08:05:15:09:15,0,10000
2,116.294080,40.047776,16.9,257.1,8.0,2016:08:05:15:09:15,0,11000
2,116.293913,40.047737,13.3,257.1,8.0,2016:08:05:15:09:15,0,12000
2,116.293712,40.047691,15.8,257.1,8.0,2016:08:05:15:09:15,0,13000
2,116.293478,40.047637,18.9,257.1,8.0,2016:08:05:15:09:15,0,14000
2,116.293244,40.047584,18.6,257.1,8.0,2016:08:05:15:09:15,0,15000
2,116.293194,40.047413,19.2,196.3,8.0,2016:08:05:15:09:15,0,16000
2,116.293287,40.047249,17.8,150.3,8.0,2016:08:05:15:09:15,0,17000
2,116.293380,40.047086,19.2,150.3,8.0,2016:08:05:15:09:15,0,18000
2,116.293509,40.046867,23.3,149.5,8.0,2016:08:05:15:09:15,0,19000
2,116.293610,40.046696,20.6,149.5,8.0,2016:08:05:15:09:15,0,20000
2,116.293681,40.046574,13.6,149.5,8.0,2016:08:05:15:09:15,0,21000
2,116.293753,40.046452,13.3,149.4,8.0,2016:08:05:15:09:15,0,22000
2,116.293840,40.046306,16.1,149.3,8.0,2016:08:05:15:09:15,0,23000
2,116.293942,40.046135,20.3,149.3,8.0,2016:08:05:15:09:15,0,24000
2,116.294029,40.045989,14.7,149.3,8.0,2016:08:05:15:09:15,0,25000
2,116.294101,40.045867,11.9,149.3,8.0,2016:08:05:15:09:15,0,26000
2,116.294188,40.045721,15.8,149.3,8.0,2016:08:05:15:09:15,0,27000
2,116.294260,40.045599,13.1,149.3,8.0,2016:08:05:15:09:15,0,28000
2,116.294318,40.045501,10.3,149.3,8.0,2016:08:05:15:09:15,0,29000
2,116.294391,40.045379,13.1,149.3,8.0,2016:08:05:15:09:15,0,30000
2,116.294492,40.045209,20.0,149.3,8.0,2016:08:05:15:09:15,0,31000
2,116.294608,40.045013,20.6,149.3,8.0,2016:08:05:15:09:15,0,32000
2,116.294695,40.044867,16.9,149.3,8.0,2016:08:05:15:09:15,0,33000
2,116.294770,40.044746,14.7,148.2,8.0,2016:08:05:15:09:15,0,34000
2,116.294880,40.044579,19.7,146.6,8.0,2016:08:05:15:09:15,0,35000
2,116.295007,40.044388,22.5,146.6,8.0,2016:08:05:15:09:15,0,36000
2,116.295133,40.044197,19.7,146.6,8.0,2016:08:05:15:09:15,0,37000
2,116.295227,40.044053,16.9,146.6,8.0,2016:08:05:15:09:15,0,38000
2,116.295322,40.043910,14.2,146.6,8.0,2016:08:05:15:09:15,0,39000
2,116.295417,40.043766,16.9,146.6,8.0,2016:08:05:15:09:15,0,40000
2,116.295511,40.043623,16.9,146.6,8.0,2016:08:05:15:09:15,0,41000
2,116.295575,40.043527,11.4,146.6,8.0,2016:08:05:15:09:15,0,42000
2,116.295669,40.043384,16.9,146.6,8.0,2016:08:05:15:09:15,0,43000
2,116.295807,40.043177,23.9,146.3,12.0,2016:08:05:15:09:15,0,44000
2,116.295822,40.043328,16.4,5.6,12.0,2016:08:05:15:09:15,0,45000
2,116.295698,40.043519,20.6,327.2,12.0,2016:08:05:15:09:15,0,46000
2,116.295575,40.043711,23.6,327.1,12.0,2016:08:05:15:09:15,0,47000
2,116.295451,40.043902,20.0,327.1,12.0,2016:08:05:15:09:15,0,48000
2,116.295358,40.044045,16.1,327.1,12.0,2016:08:05:15:09:15,0,49000
2,116.295281,40.044165,14.7,327.1,12.0,2016:08:05:15:09:15,0,50000
2,116.295188,40.044308,17.5,327.1,12.0,2016:08:05:15:09:15,0,51000
2,116.295065,40.044499,19.4,327.1,12.0,2016:08:05:15:09:15,0,52000
2,116.294941,40.044690,23.3,327.1,12.0,2016:08:05:15:09:15,0,53000
2,116.294848,40.044834,17.8,327.1,12.0,2016:08:05:15:09:15,0,54000
2,116.295002,40.044891,13.6,69.7,12.0,2016:08:05:15:09:15,0,55000
2,116.295218,40.044971,19.4,69.7,12.0,2016:08:05:15:09:15,0,56000
2,116.295403,40.045039,13.9,69.7,12.0,2016:08:05:15:09:15,0,57000
2,116.295526,40.045085,11.1,69.7,12.0,2016:08:05:15:09:15,0,58000
2,116.295681,40.045142,12.5,69.7,12.0,2016:08:05:15:09:15,0,59000
2,116.295866,40.045211,15.3,69.7,12.0,2016:08:05:15:09:15,0,60000
2,116.296082,40.045291,18.6,69.7,12.0,2016:08:05:15:09:15,0,61000
2,116.296329,40.045382,18.6,69.7,12.0,2016:08:05:15:09:15,0,62000
2,116.296546,40.045461,20.0,70.1,12.0,2016:08:05:15:09:15,0,63000
2,116.296765,40.045531,15.8,72.3,12.0,2016:08:05:15:09:15,0,64000
2,116.296952,40.045590,15.8,72.3,12.0,2016:08:05:15:09:15,0,65000
2,116.297200,40.045673,20.8,71.6,12.0,2016:08:05:15:09:15,0,66000
2,116.297448,40.045757,23.6,71.3,12.0,2016:08:05:15:09:15,0,67000
2,116.297668,40.045829,18.9,71.8,12.0,2016:08:05:15:09:15,0,68000
2,116.297863,40.045889,17.2,73.0,12.0,2016:08:05:15:09:15,0,69000
2,116.298090,40.045959,20.8,73.0,12.0,2016:08:05:15:09:15,0,70000
2,116.298337,40.046042,20.8,71.4,12.0,2016:08:05:15:09:15,0,71000
2,116.298527,40.046109,16.4,70.7,12.0,2016:08:05:15:09:15,0,72000
2,116.298781,40.046198,19.7,70.7,12.0,2016:08:05:15:09:15,0,73000
2,116.299035,40.046286,23.6,70.7,12.0,2016:08:05:15:09:15,0,74000
2,116.299225,40.046353,15.3,70.7,12.0,2016:08:05:15:09:15,0,75000
2,116.299449,40.046431,19.4,70.9,12.0,2016:08:05:15:09:15,0,76000
2,116.299643,40.046498,16.9,71.0,12.0,2016:08:05:15:09:15,0,77000
2,116.299836,40.046564,17.2,71.0,12.0,2016:08:05:15:09:15,0,78000
2,116.300029,40.046627,18.6,72.0,12.0,2016:08:05:15:09:15,0,79000
2,116.300242,40.046708,17.5,69.3,12.0,2016:08:05:15:09:15,0,80000
2,116.300425,40.046777,15.0,69.3,12.0,2016:08:05:15:09:15,0,81000
2,116.300639,40.046856,19.2,69.6,12.0,2016:08:05:15:09:15,0,82000
2,116.300856,40.046933,17.2,70.6,17.0,2016:08:05:15:09:15,0,83000
2,116.301041,40.046998,16.7,70.6,17.0,2016:08:05:15:09:15,0,84000
2,116.301257,40.047072,18.9,71.2,17.0,2016:08:05:15:09:15,0,85000
2,116.301473,40.047130,16.9,74.9,17.0,2016:08:05:15:09:15,0,86000
2,116.301659,40.047153,13.6,83.0,17.0,2016:08:05:15:09:15,0,87000
2,116.301854,40.047081,17.8,110.1,17.0,2016:08:05:15:09:15,0,88000
2,116.302035,40.046940,20.3,128.0,17.0,2016:08:05:15:09:15,0,89000
2,116.302194,40.046766,23.1,137.5,17.0,2016:08:05:15:09:15,0,90000
2,116.302314,40.046635,17.5,137.5,17.0,2016:08:05:15:09:15,0,91000
2,116.302434,40.046504,17.8,137.5,17.0,2016:08:05:15:09:15,0,92000
2,116.302574,40.046352,19.2,137.5,17.0,2016:08:05:15:09:15,0,93000
2,116.302694,40.046221,16.4,137.5,17.0,2016:08:05:15:09:15,0,94000
2,116.302811,40.046090,16.4,138.2,17.0,2016:08:05:15:09:15,0,95000
2,116.302928,40.045959,16.4,138.2,17.0,2016:08:05:15:09:15,0,96000
2,116.303065,40.045806,20.6,138.2,17.0,2016:08:05:15:09:15,0,97000
2,116.303202,40.045653,20.3,138.2,17.0,2016:08:05:15:09:15,0,98000
2,116.303320,40.045521,16.1,138.2,17.0,2016:08:05:15:09:15,0,99000
2,116.303417,40.045412,13.9,138.2,17.0,2016:08:05:15:09:15,0,100000
2,116.303535,40.045281,16.7,138.2,17.0,2016:08:05:15:09:15,0,101000
2,116.303697,40.045111,22.2,136.3,17.0,2016:08:05:15:09:15,0,102000
2,116.303878,40.044956,19.4,130.6,17.0,2016:08:05:15:09:15,0,103000
2,116.304010,40.044836,16.7,132.4,17.0,2016:08:05:15:09:15,0,104000
2,116.304120,40.044697,13.9,141.6,17.0,2016:08:05:15:09:15,0,105000
2,116.304230,40.044558,13.9,141.6,17.0,2016:08:05:15:09:15,0,106000
2,116.304341,40.044418,16.7,141.6,17.0,2016:08:05:15:09:15,0,107000
2,116.304431,40.044304,14.2,141.5,17.0,2016:08:05:15:09:15,0,108000
2,116.304504,40.044213,11.4,141.5,17.0,2016:08:05:15:09:15,0,109000
2,116.304595,40.044099,12.8,141.5,17.0,2016:08:05:15:09:15,0,110000
2,116.304722,40.043939,19.7,141.5,17.0,2016:08:05:15:09:15,0,111000
2,116.304830,40.043802,16.1,141.5,17.0,2016:08:05:15:09:15,0,112000
2,116.304957,40.043642,17.5,141.5,17.0,2016:08:05:15:09:15,0,113000
2,116.305103,40.043460,22.8,141.5,17.0,2016:08:05:15:09:15,0,114000
2,116.305230,40.043300,18.9,141.5,17.0,2016:08:05:15:09:15,0,115000
2,116.305356,40.043140,20.3,141.5,17.0,2016:08:05:15:09:15,0,116000
2,116.305465,40.043003,14.7,141.5,17.0,2016:08:05:15:09:15,0,117000
2,116.305592,40.042843,16.1,141.5,17.0,2016:08:05:15:09:15,0,118000
2,116.305701,40.042707,17.8,141.5,17.0,2016:08:05:15:09:15,0,119000
2,116.305828,40.042547,20.0,141.5,7.0,2016:08:05:15:09:15,0,120000
2,116.305937,40.042410,16.4,141.5,5.0,2016:08:05:15:09:15,0,121000
2,116.306028,40.042296,15.0,141.5,5.0,2016:08:05:15:09:15,0,122000
2,116.306154,40.042135,18.1,141.7,5.0,2016:08:05:15:09:15,0,123000
2,116.306299,40.041952,20.3,141.7,5.0,2016:08:05:15:09:15,0,124000
2,116.306407,40.041815,14.7,141.7,5.0,2016:08:05:15:09:15,0,125000
2,116.306461,40.041716,11.7,151.2,5.0,2016:08:05:15:09:15,0,126000
2,116.306529,40.041592,12.5,151.2,5.0,2016:08:05:15:09:15,0,127000
2,116.306625,40.041419,19.4,151.2,5.0,2016:08:05:15:09:15,0,128000
2,116.306720,40.041246,20.0,151.2,5.0,2016:08:05:15:09:15,0,129000
2,116.306802,40.041097,16.7,151.2,5.0,2016:08:05:15:09:15,0,130000
2,116.306897,40.040924,18.1,151.2,5.0,2016:08:05:15:09:15,0,131000
2,116.306979,40.040775,18.1,151.2,5.0,2016:08:05:15:09:15,0,132000
2,116.307074,40.040602,19.4,151.2,5.0,2016:08:05:15:09:15,0,133000
2,116.307142,40.040478,12.5,151.2,5.0,2016:08:05:15:09:15,0,134000
2,116.307208,40.040357,14.2,151.5,5.0,2016:08:05:15:09:15,0,135000
2,116.307313,40.040163,19.7,151.5,5.0,2016:08:05:15:09:15,0,136000
2,116.307418,40.039969,20.3,151.5,5.0,2016:08:05:15:09:15,0,137000
2,116.307497,40.039824,17.5,151.5,5.0,2016:08:05:15:09:15,0,138000
2,116.307563,40.039703,13.6,151.5,5.0,2016:08:05:15:09:15,0,139000
2,116.307641,40.039557,16.4,151.5,5.0,2016:08:05:15:09:15,0,140000
2,116.307722,40.039409,16.9,151.6,5.0,2016:08:05:15:09:15,0,141000
2,116.307816,40.039235,20.6,151.6,5.0,2016:08:05:15:09:15,0,142000
2,116.307910,40.039061,19.2,151.6,5.0,2016:08:05:15:09:15,0,143000
2,116.307990,40.038911,16.9,151.6,5.0,2016:08:05:15:09:15,0,144000
2,116.308084,40.038742,17.5,151.1,5.0,2016:08:05:15:09:15,0,145000
2,116.308216,40.038556,19.7,144.5,5.0,2016:08:05:15:09:15,0,146000
2,116.308349,40.038371,19.7,144.5,5.0,2016:08:05:15:09:15,0,147000
2,116.308448,40.038231,17.5,144.5,5.0,2016:08:05:15:09:15,0,148000
2,116.308531,40.038115,13.3,144.5,5.0,2016:08:05:15:09:15,0,149000
2,116.308630,40.037976,16.1,144.5,5.0,2016:08:05:15:09:15,0,150000
2,116.308746,40.037814,20.3,144.5,5.0,2016:08:05:15:09:15,0,151000
2,116.308852,40.037678,15.8,142.0,5.0,2016:08:05:15:09:15,0,152000
2,116.308972,40.037549,13.9,137.2,5.0,2016:08:05:15:09:15,0,153000
2,116.309072,40.037439,15.3,137.7,5.0,2016:08:05:15:09:15,0,154000
2,116.309212,40.037285,19.4,137.7,5.0,2016:08:05:15:09:15,0,155000
2,116.309352,40.037131,20.0,137.7,5.0,2016:08:05:15:09:15,0,156000
2,116.309471,40.037000,15.8,137.7,6.0,2016:08:05:15:09:15,0,157000
2,116.309568,40.036898,11.7,136.4,6.0,2016:08:05:15:09:15,0,158000
2,116.309699,40.036775,14.4,133.3,6.0,2016:08:05:15:09:15,0,159000
2,116.309873,40.036611,20.0,133.3,6.0,2016:08:05:15:09:15,0,160000
2,116.310020,40.036469,20.0,134.0,6.0,2016:08:05:15:09:15,0,161000
2,116.310180,40.036309,21.9,135.1,6.0,2016:08:05:15:09:15,0,162000
2,116.310333,40.036178,17.5,130.4,6.0,2016:08:05:15:09:15,0,163000
2,116.310450,40.036077,13.1,130.7,6.0,2016:08:05:15:09:15,0,164000
2,116.310590,40.035957,15.8,130.7,6.0,2016:08:05:15:09:15,0,165000
2,116.310778,40.035795,21.9,130.7,6.0,2016:08:05:15:09:15,0,166000
2,116.310965,40.035634,21.9,130.7,6.0,2016:08:05:15:09:15,0,167000
2,116.311129,40.035493,17.8,130.7,6.0,2016:08:05:15:09:15,0,168000
2,116.311269,40.035372,15.3,130.7,6.0,2016:08:05:15:09:15,0,169000
2,116.311409,40.035251,15.3,130.7,6.0,2016:08:05:15:09:15,0,170000
2,116.311526,40.035151,13.9,130.7,6.0,2016:08:05:15:09:15,0,171000
2,116.311620,40.035070,11.4,130.7,6.0,2016:08:05:15:09:15,0,172000
2,116.311760,40.034949,14.2,130.7,6.0,2016:08:05:15:09:15,0,173000
2,116.311901,40.034828,17.8,130.7,6.0,2016:08:05:15:09:15,0,174000
2,116.312041,40.034707,17.8,130.7,6.0,2016:08:05:15:09:15,0,175000
2,116.312181,40.034587,15.0,130.7,6.0,2016:08:05:15:09:15,0,176000
2,116.312322,40.034466,16.1,130.7,6.0,2016:08:05:15:09:15,0,177000
2,116.312509,40.034305,21.7,130.7,6.0,2016:08:05:15:09:15,0,178000
2,116.312671,40.034164,18.9,130.9,6.0,2016:08:05:15:09:15,0,179000
2,116.312810,40.034044,16.9,130.9,6.0,2016:08:05:15:09:15,0,180000
2,116.312949,40.033924,17.5,130.9,6.0,2016:08:05:15:09:15,0,181000
2,116.313088,40.033803,16.7,130.9,6.0,2016:08:05:15:09:15,0,182000
2,116.313250,40.033663,18.1,130.9,6.0,2016:08:05:15:09:15,0,183000
2,116.313413,40.033523,20.0,130.9,6.0,2016:08:05:15:09:15,0,184000
2,116.313575,40.033382,20.0,130.9,6.0,2016:08:05:15:09:15,0,185000
2,116.313737,40.033242,18.6,130.9,6.0,2016:08:05:15:09:15,0,186000
2,116.313853,40.033142,14.4,130.9,6.0,2016:08:05:15:09:15,0,187000
2,116.314037,40.032982,20.0,131.1,6.0,2016:08:05:15:09:15,0,188000
2,116.314177,40.032829,18.9,137.4,6.0,2016:08:05:15:09:15,0,189000
2,116.314290,40.032694,16.9,140.0,6.0,2016:08:05:15:09:15,0,190000
2,116.314403,40.032560,14.7,140.0,6.0,2016:08:05:15:09:15,0,191000
2,116.314516,40.032425,14.7,140.0,6.0,2016:08:05:15:09:15,0,192000
2,116.314648,40.032267,19.2,140.0,6.0,2016:08:05:15:09:15,0,193000
2,116.314818,40.032065,23.3,140.0,14.0,2016:08:05:15:09:15,0,194000
2,116.314946,40.031907,16.7,140.9,14.0,2016:08:05:15:09:15,0,195000
2,116.315039,40.031768,13.6,146.4,14.0,2016:08:05:15:09:15,0,196000
2,116.315147,40.031605,18.1,146.4,14.0,2016:08:05:15:09:15,0,197000
2,116.315286,40.031395,22.5,146.4,14.0,2016:08:05:15:09:15,0,198000
2,116.315410,40.031209,19.7,146.4,14.0,2016:08:05:15:09:15,0,199000
2,116.315478,40.031057,16.9,156.0,14.0,2016:08:05:15:09:15,0,200000
2,116.315535,40.030930,12.8,156.0,14.0,2016:08:05:15:09:15,0,201000
2,116.315614,40.030752,16.9,156.0,14.0,2016:08:05:15:09:15,0,202000
2,116.315716,40.030524,22.5,156.0,14.0,2016:08:05:15:09:15,0,203000
2,116.315807,40.030320,19.7,156.0,14.0,2016:08:05:15:09:15,0,204000
2,116.315875,40.030168,16.9,156.0,14.0,2016:08:05:15:09:15,0,205000
2,116.315943,40.030015,15.3,156.0,14.0,2016:08:05:15:09:15,0,206000
2,116.316015,40.029836,19.4,157.9,14.0,2016:08:05:15:09:15,0,207000
2,116.316080,40.029626,22.2,162.9,14.0,2016:08:05:15:09:15,0,208000
2,116.316153,40.029402,23.6,162.0,14.0,2016:08:05:15:09:15,0,209000
2,116.316221,40.029189,22.2,162.2,14.0,2016:08:05:15:09:15,0,210000
2,116.316275,40.029019,15.3,162.5,14.0,2016:08:05:15:09:15,0,211000
2,116.316332,40.028847,16.4,161.7,14.0,2016:08:05:15:09:15,0,212000
2,116.316396,40.028654,18.1,161.5,14.0,2016:08:05:15:09:15,0,213000
2,116.316453,40.028480,19.4,161.8,14.0,2016:08:05:15:09:15,0,214000
2,116.316520,40.028274,20.8,162.2,14.0,2016:08:05:15:09:15,0,215000
2,116.316586,40.028067,19.4,162.2,14.0,2016:08:05:15:09:15,0,216000
2,116.316643,40.027885,17.8,162.6,14.0,2016:08:05:15:09:15,0,217000
2,116.316704,40.027676,20.6,163.6,14.0,2016:08:05:15:09:15,0,218000
2,116.316750,40.027520,17.8,163.6,14.0,2016:08:05:15:09:15,0,219000
2,116.316789,40.027389,14.7,163.6,14.0,2016:08:05:15:09:15,0,220000
2,116.316835,40.027233,17.5,163.6,14.0,2016:08:05:15:09:15,0,221000
2,116.316881,40.027076,17.5,163.6,14.0,2016:08:05:15:09:15,0,222000
2,116.316927,40.026919,15.8,163.6,14.0,2016:08:05:15:09:15,0,223000
2,116.316973,40.026763,17.5,163.6,14.0,2016:08:05:15:09:15,0,224000
2,116.317019,40.026606,17.5,163.6,14.0,2016:08:05:15:09:15,0,225000
2,116.317080,40.026397,20.3,163.6,14.0,2016:08:05:15:09:15,0,226000
2,116.317126,40.026240,14.7,163.6,14.0,2016:08:05:15:09:15,0,227000
2,116.317172,40.026084,14.7,163.6,14.0,2016:08:05:15:09:15,0,228000
2,116.317218,40.025927,17.2,163.6,20.0,2016:08:05:15:09:15,0,229000
2,116.317279,40.025746,19.7,161.6,20.0,2016:08:05:15:09:15,0,230000
2,116.317345,40.025593,17.5,156.5,20.0,2016:08:05:15:09:15,0,231000
2,116.317400,40.025466,13.3,156.5,20.0,2016:08:05:15:09:15,0,232000
2,116.317467,40.025313,16.1,156.5,20.0,2016:08:05:15:09:15,0,233000
2,116.317544,40.025135,20.3,156.5,20.0,2016:08:05:15:09:15,0,234000
2,116.317622,40.024957,18.1,156.5,20.0,2016:08:05:15:09:15,0,235000
2,116.317688,40.024804,15.3,156.5,20.0,2016:08:05:15:09:15,0,236000
2,116.317766,40.024626,19.4,156.5,20.0,2016:08:05:15:09:15,0,237000
2,116.317848,40.024454,18.3,154.3,20.0,2016:08:05:15:09:15,0,238000
2,116.317927,40.024252,21.1,158.7,20.0,2016:08:05:15:09:15,0,239000
2,116.317982,40.024071,19.7,163.2,20.0,2016:08:05:15:09:15,0,240000
2,116.318036,40.023889,18.3,163.2,20.0,2016:08:05:15:09:15,0,241000
2,116.318075,40.023760,11.4,163.2,20.0,2016:08:05:15:09:15,0,242000
2,116.318107,40.023656,11.4,163.2,20.0,2016:08:05:15:09:15,0,243000
2,116.318154,40.023501,16.9,163.2,20.0,2016:08:05:15:09:15,0,244000
2,116.318193,40.023372,12.8,163.2,20.0,2016:08:05:15:09:15,0,245000
2,116.318232,40.023242,14.2,163.2,20.0,2016:08:05:15:09:15,0,246000
2,116.318295,40.023035,22.2,163.2,20.0,2016:08:05:15:09:15,0,247000
2,116.318377,40.022783,27.8,161.9,20.0,2016:08:05:15:09:15,0,248000
2,116.318443,40.022581,22.2,161.9,20.0,2016:08:05:15:09:15,0,249000
2,116.318498,40.022429,17.2,160.2,20.0,2016:08:05:15:09:15,0,250000
2,116.318590,40.022254,18.6,152.3,20.0,2016:08:05:15:09:15,0,251000
2,116.318669,40.022104,16.9,152.3,20.0,2016:08:05:15:09:15,0,252000
2,116.318761,40.021929,20.3,152.3,20.0,2016:08:05:15:09:15,0,253000
2,116.318866,40.021767,18.9,146.8,20.0,2016:08:05:15:09:15,0,254000
2,116.318989,40.021616,19.4,141.1,20.0,2016:08:05:15:09:15,0,255000
2,116.319149,40.021482,18.1,129.9,20.0,2016:08:05:15:09:15,0,256000
2,116.319308,40.021348,19.4,129.9,20.0,2016:08:05:15:09:15,0,257000
2,116.319501,40.021206,18.9,126.5,20.0,2016:08:05:15:09:15,0,258000
2,116.319711,40.021080,18.9,120.9,20.0,2016:08:05:15:09:15,0,259000
2,116.319888,40.020982,18.6,119.0,20.0,2016:08:05:15:09:15,0,260000
2,116.320051,40.020907,15.8,114.8,20.0,2016:08:05:15:09:15,0,261000
2,116.320220,40.020827,13.1,115.2,20.0,2016:08:05:15:09:15,0,262000
2,116.320393,40.020743,15.3,115.9,20.0,2016:08:05:15:09:15,0,263000
2,116.320577,40.020670,14.2,111.8,20.0,2016:08:05:15:09:15,0,264000
2,116.320771,40.020607,16.9,107.9,20.0,2016:08:05:15:09:15,0,265000
2,116.320997,40.020534,18.3,107.9,10.0,2016:08:05:15:09:15,0,266000
2,116.321191,40.020471,16.1,107.9,7.0,2016:08:05:15:09:15,0,267000
2,116.321414,40.020395,17.5,108.7,7.0,2016:08:05:15:09:15,0,268000
2,116.321665,40.020307,22.5,109.3,7.0,2016:08:05:15:09:15,0,269000
2,116.321853,40.020241,14.2,109.3,7.0,2016:08:05:15:09:15,0,270000
2,116.321979,40.020200,10.6,108.0,7.0,2016:08:05:15:09:15,0,271000
2,116.322141,40.020160,13.9,104.0,7.0,2016:08:05:15:09:15,0,272000
2,116.322303,40.020120,12.5,104.0,7.0,2016:08:05:15:09:15,0,273000
2,116.322466,40.020079,11.7,104.0,7.0,2016:08:05:15:09:15,0,274000
2,116.322563,40.020055,7.5,104.0,7.0,2016:08:05:15:09:15,0,275000
2,116.322678,40.020032,9.4,101.3,7.0,2016:08:05:15:09:15,0,276000
2,116.322867,40.019990,15.0,102.5,7.0,2016:08:05:15:09:15,0,277000
2,116.323058,40.019950,14.2,101.7,7.0,2016:08:05:15:09:15,0,278000
2,116.323284,40.019915,19.2,99.0,7.0,2016:08:05:15:09:15,0,279000
2,116.323498,40.019889,17.2,96.9,7.0,2016:08:05:15:09:15,0,280000
2,116.323691,40.019868,16.4,96.0,7.0,2016:08:05:15:09:15,0,281000
2,116.323960,40.019869,19.2,89.8,7.0,2016:08:05:15:09:15,0,282000
2,116.324232,40.019874,22.5,89.0,7.0,2016:08:05:15:09:15,0,283000
2,116.324508,40.019900,19.7,84.6,7.0,2016:08:05:15:09:15,0,284000
2,116.324716,40.019920,13.6,84.6,7.0,2016:08:05:15:09:15,0,285000
2,116.324988,40.020011,20.6,71.5,7.0,2016:08:05:15:09:15,0,286000
2,116.325206,40.020089,16.1,70.3,7.0,2016:08:05:15:09:15,0,287000
2,116.325329,40.020135,11.4,69.5,7.0,2016:08:05:15:09:15,0,288000
2,116.325509,40.020212,16.9,66.8,7.0,2016:08:05:15:09:15,0,289000
2,116.325688,40.020288,13.6,66.8,7.0,2016:08:05:15:09:15,0,290000
2,116.325835,40.020358,15.0,64.5,7.0,2016:08:05:15:09:15,0,291000
2,116.326041,40.020459,20.3,64.0,7.0,2016:08:05:15:09:15,0,292000
2,116.326243,40.020560,18.9,63.3,7.0,2016:08:05:15:09:15,0,293000
2,116.326381,40.020635,14.7,61.7,7.0,2016:08:05:15:09:15,0,294000
2,116.326520,40.020710,13.3,61.7,7.0,2016:08:05:15:09:15,0,295000
2,116.326686,40.020799,16.1,61.7,7.0,2016:08:05:15:09:15,0,296000
2,116.326915,40.020889,18.9,68.7,7.0,2016:08:05:15:09:15,0,297000
2,116.327159,40.020991,23.3,67.3,7.0,2016:08:05:15:09:15,0,298000
2,116.327373,40.021080,17.5,67.3,7.0,2016:08:05:15:09:15,0,299000
2,116.327559,40.021148,14.7,70.0,7.0,2016:08:05:15:09:15,0,300000
2,116.327749,40.021207,14.7,72.6,7.0,2016:08:05:15:09:15,0,301000
2,116.328034,40.021297,23.1,72.6,7.0,2016:08:05:15:09:15,0,302000
2,116.328255,40.021396,17.5,65.7,7.0,2016:08:05:15:09:15,0,303000
2,116.328419,40.021446,13.6,73.1,7.0,2016:08:05:15:09:15,0,304000
2,116.328647,40.021515,20.6,73.1,7.0,2016:08:05:15:09:15,0,305000
2,116.328880,40.021572,20.3,76.2,7.0,2016:08:05:15:09:15,0,306000
2,116.329053,40.021591,13.9,83.9,7.0,2016:08:05:15:09:15,0,307000
2,116.329295,40.021617,19.4,83.9,7.0,2016:08:05:15:09:15,0,308000
2,116.329537,40.021643,18.1,83.9,17.0,2016:08:05:15:09:15,0,309000
2,116.329779,40.021668,16.7,83.9,27.0,2016:08:05:15:09:15,0,310000
2,116.330021,40.021694,19.4,83.9,37.0,2016:08:05:15:09:15,0,311000
2,116.330263,40.021720,20.8,83.9,47.0,2016:08:05:15:09:15,0,312000
2,116.330505,40.021746,16.7,83.9,57.0,2016:08:05:15:09:15,0,313000
2,116.330777,40.021771,21.7,84.6,64.0,2016:08:05:15:09:15,0,314000
2,116.331046,40.021772,20.3,89.9,64.0,2016:08:05:15:09:15,0,315000
2,116.331256,40.021776,14.7,89.1,64.0,2016:08:05:15:09:15,0,316000
2,116.331431,40.021778,12.5,89.1,64.0,2016:08:05:15:09:15,0,317000
2,116.331572,40.021781,12.5,89.1,64.0,2016:08:05:15:09:15,0,318000
2,116.331747,40.021784,13.9,89.1,64.0,2016:08:05:15:09:15,0,319000
2,116.331887,40.021786,11.9,89.1,64.0,2016:08:05:15:09:15,0,320000
2,116.332062,40.021789,13.3,89.1,64.0,2016:08:05:15:09:15,0,321000
2,116.332273,40.021792,13.3,89.1,64.0,2016:08:05:15:09:15,0,322000
2,116.332518,40.021796,18.9,89.1,64.0,2016:08:05:15:09:15,0,323000
2,116.332763,40.021800,18.9,89.1,64.0,2016:08:05:15:09:15,0,324000
2,116.332974,40.021804,15.3,89.1,64.0,2016:08:05:15:09:15,0,325000
2,116.333254,40.021808,23.6,89.1,64.0,2016:08:05:15:09:15,0,326000
2,116.333499,40.021812,18.9,89.1,64.0,2016:08:05:15:09:15,0,327000
2,116.333675,40.021815,14.7,89.1,64.0,2016:08:05:15:09:15,0,328000
2,116.333954,40.021812,21.4,90.7,64.0,2016:08:05:15:09:15,0,329000
2,116.334198,40.021808,20.0,90.9,64.0,2016:08:05:15:09:15,0,330000
2,116.334372,40.021806,13.6,90.9,64.0,2016:08:05:15:09:15,0,331000
2,116.334581,40.021802,14.2,90.9,64.0,2016:08:05:15:09:15,0,332000
2,116.334790,40.021799,16.9,90.9,64.0,2016:08:05:15:09:15,0,333000
2,116.335000,40.021796,14.2,90.9,64.0,2016:08:05:15:09:15,0,334000
2,116.335209,40.021793,14.7,90.9,64.0,2016:08:05:15:09:15,0,335000
2,116.335488,40.021788,20.3,90.9,64.0,2016:08:05:15:09:15,0,336000
2,116.335732,40.021785,17.5,90.9,64.0,2016:08:05:15:09:15,0,337000
2,116.335941,40.021782,13.9,90.9,64.0,2016:08:05:15:09:15,0,338000
2,116.336185,40.021778,20.8,90.9,64.0,2016:08:05:15:09:15,0,339000
2,116.336359,40.021775,15.0,90.9,64.0,2016:08:05:15:09:15,0,340000
2,116.336534,40.021772,13.6,90.9,64.0,2016:08:05:15:09:15,0,341000
2,116.336776,40.021769,19.7,90.9,64.0,2016:08:05:15:09:15,0,342000
2,116.336983,40.021765,16.9,91.0,64.0,2016:08:05:15:09:15,0,343000
2,116.337258,40.021760,19.7,91.0,64.0,2016:08:05:15:09:15,0,344000
2,116.337498,40.021756,19.4,91.0,64.0,2016:08:05:15:09:15,0,345000
2,116.337705,40.021753,15.0,91.0,64.0,2016:08:05:15:09:15,0,346000
2,116.337946,40.021748,16.4,91.0,64.0,2016:08:05:15:09:15,0,347000
2,116.338226,40.021745,23.1,90.7,64.0,2016:08:05:15:09:15,0,348000
2,116.338506,40.021742,23.1,90.6,64.0,2016:08:05:15:09:15,0,349000
2,116.338752,40.021739,18.9,90.6,64.0,2016:08:05:15:09:15,0,350000
2,116.339032,40.021736,23.6,90.6,74.0,2016:08:05:15:09:15,0,351000
2,116.339306,40.021732,22.5,90.8,84.0,2016:08:05:15:09:15,0,352000
2,116.339511,40.021730,14.2,90.8,92.0,2016:08:05:15:09:15,0,353000
2,116.339715,40.021727,16.9,90.8,92.0,2016:08:05:15:09:15,0,354000
2,116.339985,40.021724,18.6,90.5,92.0,2016:08:05:15:09:15,0,355000
2,116.340183,40.021724,17.2,90.1,92.0,2016:08:05:15:09:15,0,356000
2,116.340383,40.021722,14.4,90.5,92.0,2016:08:05:15:09:15,0,357000
2,116.340586,40.021718,16.4,91.2,92.0,2016:08:05:15:09:15,0,358000
2,116.340824,40.021712,17.2,91.2,92.0,2016:08:05:15:09:15,0,359000
2,116.340996,40.021709,13.3,91.3,92.0,2016:08:05:15:09:15,0,360000
2,116.341236,40.021703,17.5,91.3,92.0,2016:08:05:15:09:15,0,361000
2,116.341408,40.021700,10.8,91.3,92.0,2016:08:05:15:09:15,0,362000
2,116.341546,40.021697,10.6,91.3,92.0,2016:08:05:15:09:15,0,363000
2,116.341684,40.021694,8.9,91.3,92.0,2016:08:05:15:09:15,0,364000
2,116.341854,40.021690,13.1,91.3,92.0,2016:08:05:15:09:15,0,365000
2,116.342050,40.021684,15.8,91.7,92.0,2016:08:05:15:09:15,0,366000
2,116.342214,40.021679,12.8,91.7,92.0,2016:08:05:15:09:15,0,367000
2,116.342348,40.021675,10.0,91.6,92.0,2016:08:05:15:09:15,0,368000
2,116.342584,40.021669,18.9,91.6,92.0,2016:08:05:15:09:15,0,369000
2,116.342827,40.021664,16.4,91.2,92.0,2016:08:05:15:09:15,0,370000
2,116.343034,40.021659,13.6,91.2,92.0,2016:08:05:15:09:15,0,371000
2,116.343207,40.021656,13.6,91.2,92.0,2016:08:05:15:09:15,0,372000
2,116.343346,40.021653,10.6,91.2,92.0,2016:08:05:15:09:15,0,373000
2,116.343518,40.021649,13.1,91.2,92.0,2016:08:05:15:09:15,0,374000
2,116.343707,40.021621,15.3,98.5,92.0,2016:08:05:15:09:15,0,375000
2,116.343897,40.021597,13.1,97.1,92.0,2016:08:05:15:09:15,0,376000
2,116.344184,40.021570,21.4,95.3,92.0,2016:08:05:15:09:15,0,377000
2,116.344466,40.021516,22.2,100.9,92.0,2016:08:05:15:09:15,0,378000
2,116.344775,40.021460,24.2,100.2,92.0,2016:08:05:15:09:15,0,379000
2,116.344994,40.021410,17.5,102.9,92.0,2016:08:05:15:09:15,0,380000
2,116.345164,40.021368,15.0,103.8,92.0,2016:08:05:15:09:15,0,381000
2,116.345300,40.021324,10.8,107.8,92.0,2016:08:05:15:09:15,0,382000
2,116.345464,40.021264,10.8,110.3,92.0,2016:08:05:15:09:15,0,383000
2,116.345666,40.021194,15.0,109.1,92.0,2016:08:05:15:09:15,0,384000
2,116.345848,40.021128,17.8,110.0,92.0,2016:08:05:15:09:15,0,385000
2,116.346002,40.021068,13.6,111.2,92.0,2016:08:05:15:09:15,0,386000
2,116.346182,40.021003,16.4,110.0,92.0,2016:08:05:15:09:15,0,387000
2,116.346349,40.020920,16.4,116.1,92.0,2016:08:05:15:09:15,0,388000
2,116.346519,40.020842,15.6,114.8,92.0,2016:08:05:15:09:15,0,389000
2,116.346662,40.020767,14.2,117.7,92.0,2016:08:05:15:09:15,0,390000
2,116.346855,40.020676,15.6,115.0,92.0,2016:08:05:15:09:15,0,391000
2,116.347015,40.020601,12.8,115.2,92.0,2016:08:05:15:09:15,0,392000
2,116.347120,40.020551,10.8,115.6,92.0,2016:08:05:15:09:15,0,393000
2,116.347220,40.020511,8.6,111.9,82.0,2016:08:05:15:09:15,0,394000
2,116.347306,40.020472,7.8,114.3,72.0,2016:08:05:15:09:15,0,395000
2,116.347480,40.020393,16.1,114.3,62.0,2016:08:05:15:09:15,0,396000
2,116.347689,40.020300,16.1,114.0,52.0,2016:08:05:15:09:15,0,397000
2,116.347862,40.020220,17.5,115.0,42.0,2016:08:05:15:09:15,0,398000
2,116.348078,40.020114,18.9,116.0,32.0,2016:08:05:15:09:15,0,399000
2,116.348297,40.019992,22.8,119.0,22.0,2016:08:05:15:09:15,0,400000
2,116.348511,40.019871,18.9,119.7,12.0,2016:08:05:15:09:15,0,401000
2,116.348665,40.019772,15.8,122.6,6.0,2016:08:05:15:09:15,0,402000
2,116.348796,40.019678,15.6,125.6,6.0,2016:08:05:15:09:15,0,403000
2,116.348958,40.019563,16.1,125.4,6.0,2016:08:05:15:09:15,0,404000
2,116.349136,40.019448,18.6,123.1,6.0,2016:08:05:15:09:15,0,405000
2,116.349270,40.019307,15.8,136.1,6.0,2016:08:05:15:09:15,0,406000
2,116.349365,40.019187,13.1,141.7,6.0,2016:08:05:15:09:15,0,407000
2,116.349453,40.019047,17.2,147.9,6.0,2016:08:05:15:09:15,0,408000
2,116.349555,40.018897,16.7,145.9,6.0,2016:08:05:15:09:15,0,409000
2,116.349645,40.018761,13.9,146.2,6.0,2016:08:05:15:09:15,0,410000
2,116.349738,40.018625,13.9,145.9,6.0,2016:08:05:15:09:15,0,411000
2,116.349834,40.018486,17.5,145.5,6.0,2016:08:05:15:09:15,0,412000
2,116.349965,40.018297,21.7,145.2,6.0,2016:08:05:15:09:15,0,413000
2,116.350079,40.018131,20.3,145.5,6.0,2016:08:05:15:09:15,0,414000
2,116.350179,40.017991,14.7,144.3,6.0,2016:08:05:15:09:15,0,415000
2,116.350303,40.017836,18.9,141.4,6.0,2016:08:05:15:09:15,0,416000
2,116.350428,40.017680,17.5,141.4,6.0,2016:08:05:15:09:15,0,417000
2,116.350570,40.017502,21.1,141.4,6.0,2016:08:05:15:09:15,0,418000
2,116.350714,40.017321,21.1,141.3,6.0,2016:08:05:15:09:15,0,419000
2,116.350824,40.017184,16.1,141.3,6.0,2016:08:05:15:09:15,0,420000
2,116.350933,40.017047,17.8,141.3,6.0,2016:08:05:15:09:15,0,421000
2,116.351043,40.016911,16.1,141.3,6.0,2016:08:05:15:09:15,0,422000
2,116.351134,40.016797,14.7,141.3,6.0,2016:08:05:15:09:15,0,423000
2,116.351244,40.016660,17.5,141.3,6.0,2016:08:05:15:09:15,0,424000
2,116.351335,40.016546,14.4,141.3,6.0,2016:08:05:15:09:15,0,425000
2,116.351445,40.016409,16.9,141.3,6.0,2016:08:05:15:09:15,0,426000
2,116.351573,40.016249,18.3,141.3,6.0,2016:08:05:15:09:15,0,427000
2,116.351737,40.016044,22.5,141.3,6.0,2016:08:05:15:09:15,0,428000
2,116.351846,40.015907,17.2,141.7,6.0,2016:08:05:15:09:15,0,429000
2,116.351952,40.015768,17.2,142.5,5.0,2016:08:05:15:09:15,0,430000
2,116.352059,40.015629,14.4,142.5,5.0,2016:08:05:15:09:15,0,431000
2,116.352165,40.015490,15.0,142.5,5.0,2016:08:05:15:09:15,0,432000
2,116.352254,40.015375,13.6,142.5,5.0,2016:08:05:15:09:15,0,433000
2,116.352325,40.015282,11.4,142.5,5.0,2016:08:05:15:09:15,0,434000
2,116.352432,40.015143,16.9,142.5,5.0,2016:08:05:15:09:15,0,435000
2,116.352556,40.014981,20.6,142.5,5.0,2016:08:05:15:09:15,0,436000
2,116.352662,40.014844,15.3,142.2,5.0,2016:08:05:15:09:15,0,437000
2,116.352769,40.014708,15.3,141.9,5.0,2016:08:05:15:09:15,0,438000
2,116.352893,40.014550,16.7,141.9,5.0,2016:08:05:15:09:15,0,439000
2,116.352999,40.014414,17.5,141.9,5.0,2016:08:05:15:09:15,0,440000
2,116.353088,40.014301,13.3,141.9,5.0,2016:08:05:15:09:15,0,441000
2,116.353177,40.014185,12.5,142.7,5.0,2016:08:05:15:09:15,0,442000
2,116.353283,40.014046,18.1,142.7,5.0,2016:08:05:15:09:15,0,443000
2,116.353389,40.013906,17.8,142.7,5.0,2016:08:05:15:09:15,0,444000
2,116.353512,40.013745,18.1,142.6,5.0,2016:08:05:15:09:15,0,445000
2,116.353635,40.013588,19.7,142.2,5.0,2016:08:05:15:09:15,0,446000
2,116.353757,40.013428,18.3,142.4,5.0,2016:08:05:15:09:15,0,447000
2,116.353881,40.013267,16.9,142.5,5.0,2016:08:05:15:09:15,0,448000
2,116.353986,40.013130,16.1,142.5,5.0,2016:08:05:15:09:15,0,449000
2,116.354098,40.012968,17.5,145.3,5.0,2016:08:05:15:09:15,0,450000
2,116.354186,40.012806,18.9,151.6,5.0,2016:08:05:15:09:15,0,451000
2,116.354263,40.012617,21.4,157.8,5.0,2016:08:05:15:09:15,0,452000
2,116.354336,40.012424,20.3,159.2,5.0,2016:08:05:15:09:15,0,453000
2,116.354429,40.012202,25.8,157.2,5.0,2016:08:05:15:09:15,0,454000
2,116.354522,40.011981,24.4,157.2,5.0,2016:08:05:15:09:15,0,455000
2,116.354605,40.011783,18.9,157.2,5.0,2016:08:05:15:09:15,0,456000
2,116.354690,40.011643,16.1,148.7,5.0,2016:08:05:15:09:15,0,457000
2,116.354765,40.011527,13.1,147.1,5.0,2016:08:05:15:09:15,0,458000
2,116.354840,40.011411,12.2,147.1,5.0,2016:08:05:15:09:15,0,459000
2,116.354933,40.011270,17.2,146.5,5.0,2016:08:05:15:09:15,0,460000
2,116.355028,40.011129,14.7,146.4,5.0,2016:08:05:15:09:15,0,461000
2,116.355115,40.010988,14.7,148.3,5.0,2016:08:05:15:09:15,0,462000
2,116.355210,40.010877,13.6,139.3,5.0,2016:08:05:15:09:15,0,463000
2,116.355363,40.010699,21.9,139.3,5.0,2016:08:05:15:09:15,0,464000
2,116.355496,40.010544,20.6,139.3,5.0,2016:08:05:15:09:15,0,465000
2,116.355625,40.010420,15.8,133.9,5.0,2016:08:05:15:09:15,0,466000
2,116.355720,40.010344,10.3,128.8,11.0,2016:08:05:15:09:15,0,467000
2,116.355839,40.010248,14.4,128.8,11.0,2016:08:05:15:09:15,0,468000
2,116.355982,40.010134,17.8,128.8,11.0,2016:08:05:15:09:15,0,469000
2,116.356149,40.010004,16.4,127.8,11.0,2016:08:05:15:09:15,0,470000
2,116.356289,40.009897,15.8,127.4,11.0,2016:08:05:15:09:15,0,471000
2,116.356431,40.009787,15.8,127.8,11.0,2016:08:05:15:09:15,0,472000
2,116.356626,40.009632,21.4,128.6,11.0,2016:08:05:15:09:15,0,473000
2,116.356796,40.009496,20.0,128.6,11.0,2016:08:05:15:09:15,0,474000
2,116.356966,40.009360,21.1,128.6,11.0,2016:08:05:15:09:15,0,475000
2,116.357137,40.009224,16.9,128.6,11.0,2016:08:05:15:09:15,0,476000
2,116.357249,40.009089,16.9,140.1,11.0,2016:08:05:15:09:15,0,477000
2,116.357373,40.008927,19.4,142.6,11.0,2016:08:05:15:09:15,0,478000
2,116.357514,40.008743,23.3,142.6,11.0,2016:08:05:15:09:15,0,479000
2,116.357670,40.008537,25.6,142.8,11.0,2016:08:05:15:09:15,0,480000
2,116.357803,40.008360,20.8,143.0,11.0,2016:08:05:15:09:15,0,481000
2,116.357955,40.008163,21.4,142.4,11.0,2016:08:05:15:09:15,0,482000
2,116.358069,40.008013,17.8,142.6,11.0,2016:08:05:15:09:15,0,483000
2,116.358147,40.007910,12.8,143.1,11.0,2016:08:05:15:09:15,0,484000
2,116.358251,40.007773,15.6,142.7,11.0,2016:08:05:15:09:15,0,485000
2,116.358374,40.007612,19.2,142.7,11.0,2016:08:05:15:09:15,0,486000
2,116.358496,40.007451,19.7,142.7,11.0,2016:08:05:15:09:15,0,487000
2,116.358600,40.007316,16.7,142.3,11.0,2016:08:05:15:09:15,0,488000
2,116.358704,40.007184,13.9,141.9,11.0,2016:08:05:15:09:15,0,489000
2,116.358791,40.007074,13.9,141.9,11.0,2016:08:05:15:09:15,0,490000
2,116.358896,40.006936,17.5,142.5,11.0,2016:08:05:15:09:15,0,491000
2,116.359003,40.006797,14.7,142.6,11.0,2016:08:05:15:09:15,0,492000
2,116.359073,40.006705,11.1,142.6,11.0,2016:08:05:15:09:15,0,493000
2,116.359179,40.006566,17.8,142.6,11.0,2016:08:05:15:09:15,0,494000
2,116.359303,40.006403,19.2,142.6,11.0,2016:08:05:15:09:15,0,495000
2,116.359427,40.006241,19.2,142.6,11.0,2016:08:05:15:09:15,0,496000
2,116.359512,40.006123,15.0,144.3,11.0,2016:08:05:15:09:15,0,497000
2,116.359614,40.005981,17.5,144.3,11.0,2016:08:05:15:09:15,0,498000
2,116.359733,40.005815,20.8,144.3,11.0,2016:08:05:15:09:15,0,499000
2,116.359852,40.005650,19.7,144.3,11.0,2016:08:05:15:09:15,0,500000
2,116.359954,40.005508,16.9,144.3,11.0,2016:08:05:15:09:15,0,501000
2,116.360055,40.005366,16.9,144.3,11.0,2016:08:05:15:09:15,0,502000
2,116.360157,40.005224,16.9,144.3,5.0,2016:08:05:15:09:15,0,503000
2,116.360259,40.005082,17.8,144.3,5.0,2016:08:05:15:09:15,0,504000
2,116.360361,40.004940,13.6,144.3,5.0,2016:08:05:15:09:15,0,505000
2,116.360446,40.004822,15.0,144.3,5.0,2016:08:05:15:09:15,0,506000
2,116.360548,40.004680,17.8,144.3,5.0,2016:08:05:15:09:15,0,507000
2,116.360650,40.004538,17.8,144.3,5.0,2016:08:05:15:09:15,0,508000
2,116.360751,40.004396,16.4,144.5,5.0,2016:08:05:15:09:15,0,509000
2,116.360847,40.004258,13.6,145.2,5.0,2016:08:05:15:09:15,0,510000
2,116.360979,40.004073,19.2,144.5,5.0,2016:08:05:15:09:15,0,511000
2,116.361113,40.003887,21.9,144.1,5.0,2016:08:05:15:09:15,0,512000
2,116.361247,40.003702,21.1,144.1,5.0,2016:08:05:15:09:15,0,513000
2,116.361333,40.003585,14.2,143.6,5.0,2016:08:05:15:09:15,0,514000
2,116.361437,40.003445,14.2,143.5,5.0,2016:08:05:15:09:15,0,515000
2,116.361558,40.003282,18.3,143.5,5.0,2016:08:05:15:09:15,0,516000
2,116.361713,40.003073,26.4,143.5,5.0,2016:08:05:15:09:15,0,517000
2,116.361850,40.002887,20.3,143.5,5.0,2016:08:05:15:09:15,0,518000
2,116.361936,40.002771,13.3,143.5,5.0,2016:08:05:15:09:15,0,519000
2,116.362039,40.002632,18.1,143.5,5.0,2016:08:05:15:09:15,0,520000
2,116.362142,40.002492,17.8,143.5,5.0,2016:08:05:15:09:15,0,521000
2,116.362263,40.002330,16.4,143.5,5.0,2016:08:05:15:09:15,0,522000
2,116.362383,40.002167,16.9,143.5,5.0,2016:08:05:15:09:15,0,523000
2,116.362503,40.002005,18.3,143.5,5.0,2016:08:05:15:09:15,0,524000
2,116.362658,40.001796,22.5,143.5,5.0,2016:08:05:15:09:15,0,525000
2,116.362778,40.001633,20.3,143.5,5.0,2016:08:05:15:09:15,0,526000
2,116.362899,40.001471,18.9,143.5,5.0,2016:08:05:15:09:15,0,527000
2,116.363002,40.001331,16.1,143.5,5.0,2016:08:05:15:09:15,0,528000
2,116.363122,40.001169,16.9,143.5,5.0,2016:08:05:15:09:15,0,529000
2,116.363225,40.001029,18.1,143.7,5.0,2016:08:05:15:09:15,0,530000
2,116.363342,40.000867,20.0,144.1,5.0,2016:08:05:15:09:15,0,531000
2,116.363443,40.000728,18.1,144.1,5.0,2016:08:05:15:09:15,0,532000
2,116.363560,40.000565,16.7,144.1,5.0,2016:08:05:15:09:15,0,533000
2,116.363677,40.000411,19.7,142.9,5.0,2016:08:05:15:09:15,0,534000
2,116.363810,40.000235,22.8,142.9,5.0,2016:08:05:15:09:15,0,535000
2,116.363952,40.000050,19.7,142.5,5.0,2016:08:05:15:09:15,0,536000
2,116.364085,39.999869,21.4,143.8,5.0,2016:08:05:15:09:15,0,537000
2,116.364224,39.999687,22.8,142.5,5.0,2016:08:05:15:09:15,0,538000
2,116.364364,39.999504,20.0,142.5,15.0,2016:08:05:15:09:15,0,539000
2,116.364469,39.999367,17.2,142.5,22.0,2016:08:05:15:09:15,0,540000
2,116.364574,39.999231,14.4,142.5,22.0,2016:08:05:15:09:15,0,541000
2,116.364679,39.999094,17.2,142.5,22.0,2016:08:05:15:09:15,0,542000
2,116.364816,39.998911,21.4,143.2,22.0,2016:08:05:15:09:15,0,543000
2,116.364953,39.998728,23.1,143.2,22.0,2016:08:05:15:09:15,0,544000
2,116.365090,39.998545,22.8,143.1,22.0,2016:08:05:15:09:15,0,545000
2,116.365193,39.998408,14.4,143.0,22.0,2016:08:05:15:09:15,0,546000
2,116.365296,39.998271,17.2,143.0,22.0,2016:08:05:15:09:15,0,547000
2,116.365433,39.998089,20.0,143.0,22.0,2016:08:05:15:09:15,0,548000
2,116.365571,39.997906,22.8,143.0,22.0,2016:08:05:15:09:15,0,549000
2,116.365691,39.997747,18.6,143.0,22.0,2016:08:05:15:09:15,0,550000
2,116.365795,39.997609,15.6,142.9,22.0,2016:08:05:15:09:15,0,551000
2,116.365902,39.997470,16.9,142.4,22.0,2016:08:05:15:09:15,0,552000
2,116.366045,39.997285,22.5,142.4,22.0,2016:08:05:15:09:15,0,553000
2,116.366187,39.997099,21.7,142.6,22.0,2016:08:05:15:09:15,0,554000
2,116.366310,39.996937,18.6,142.8,22.0,2016:08:05:15:09:15,0,555000
2,116.366416,39.996798,15.6,142.8,22.0,2016:08:05:15:09:15,0,556000
2,116.366503,39.996683,14.2,142.8,22.0,2016:08:05:15:09:15,0,557000
2,116.366627,39.996520,19.2,142.8,22.0,2016:08:05:15:09:15,0,558000
2,116.366750,39.996358,20.6,142.8,22.0,2016:08:05:15:09:15,0,559000
2,116.366855,39.996219,17.8,142.8,22.0,2016:08:05:15:09:15,0,560000
2,116.366943,39.996104,13.6,142.8,22.0,2016:08:05:15:09:15,0,561000
2,116.367049,39.995965,15.3,142.8,22.0,2016:08:05:15:09:15,0,562000
2,116.367137,39.995849,13.9,142.8,22.0,2016:08:05:15:09:15,0,563000
2,116.367242,39.995710,16.7,142.8,22.0,2016:08:05:15:09:15,0,564000
2,116.367347,39.995572,17.8,142.8,22.0,2016:08:05:15:09:15,0,565000
2,116.367486,39.995389,23.3,142.7,22.0,2016:08:05:15:09:15,0,566000
2,116.367608,39.995229,19.2,142.7,22.0,2016:08:05:15:09:15,0,567000
2,116.367730,39.995069,19.2,142.7,22.0,2016:08:05:15:09:15,0,568000
2,116.367834,39.994931,16.4,142.7,22.0,2016:08:05:15:09:15,0,569000
2,116.367957,39.994771,20.6,142.6,22.0,2016:08:05:15:09:15,0,570000
2,116.368115,39.994567,21.9,142.4,22.0,2016:08:05:15:09:15,0,571000
2,116.368237,39.994407,20.3,142.4,22.0,2016:08:05:15:09:15,0,572000
2,116.368378,39.994225,20.3,142.4,22.0,2016:08:05:15:09:15,0,573000
2,116.368483,39.994089,14.7,142.4,22.0,2016:08:05:15:09:15,0,574000
2,116.368588,39.993950,14.7,142.9,12.0,2016:08:05:15:09:15,0,575000
2,116.368728,39.993765,20.3,142.9,10.0,2016:08:05:15:09:15,0,576000
2,116.368867,39.993583,22.8,142.6,10.0,2016:08:05:15:09:15,0,577000
2,116.369023,39.993379,21.9,142.5,10.0,2016:08:05:15:09:15,0,578000
2,116.369128,39.993243,16.4,142.5,10.0,2016:08:05:15:09:15,0,579000
2,116.369214,39.993132,12.2,142.2,10.0,2016:08:05:15:09:15,0,580000
2,116.369299,39.993023,13.1,142.0,10.0,2016:08:05:15:09:15,0,581000
2,116.369385,39.992913,14.4,142.0,10.0,2016:08:05:15:09:15,0,582000
2,116.369505,39.992760,18.6,142.0,10.0,2016:08:05:15:09:15,0,583000
2,116.369597,39.992638,14.7,143.0,10.0,2016:08:05:15:09:15,0,584000
2,116.369701,39.992502,14.7,142.4,10.0,2016:08:05:15:09:15,0,585000
2,116.369809,39.992363,17.5,142.2,10.0,2016:08:05:15:09:15,0,586000
2,116.369934,39.992201,18.1,142.2,10.0,2016:08:05:15:09:15,0,587000
2,116.370041,39.992063,18.1,142.2,10.0,2016:08:05:15:09:15,0,588000
2,116.370159,39.991907,18.9,143.0,10.0,2016:08:05:15:09:15,0,589000
2,116.370274,39.991727,20.8,147.4,10.0,2016:08:05:15:09:15,0,590000
2,116.370391,39.991536,20.6,148.6,10.0,2016:08:05:15:09:15,0,591000
2,116.370493,39.991369,19.4,148.6,10.0,2016:08:05:15:09:15,0,592000
2,116.370596,39.991201,17.8,148.6,10.0,2016:08:05:15:09:15,0,593000
2,116.370683,39.991058,15.0,148.6,10.0,2016:08:05:15:09:15,0,594000
2,116.370786,39.990890,19.2,148.6,10.0,2016:08:05:15:09:15,0,595000
2,116.370877,39.990698,18.6,154.5,10.0,2016:08:05:15:09:15,0,596000
2,116.370960,39.990506,21.4,156.6,10.0,2016:08:05:15:09:15,0,597000
2,116.371050,39.990290,21.1,157.4,10.0,2016:08:05:15:09:15,0,598000
2,116.371126,39.990075,24.2,160.5,10.0,2016:08:05:15:09:15,0,599000
2,116.371200,39.989847,23.9,161.9,10.0,2016:08:05:15:09:15,0,600000
2,116.371273,39.989619,22.5,162.4,10.0,2016:08:05:15:09:15,0,601000
2,116.371342,39.989388,23.9,163.4,10.0,2016:08:05:15:09:15,0,602000
2,116.371395,39.989208,20.0,163.4,10.0,2016:08:05:15:09:15,0,603000
2,116.371449,39.989028,18.6,163.4,10.0,2016:08:05:15:09:15,0,604000
2,116.371487,39.988900,14.4,163.2,10.0,2016:08:05:15:09:15,0,605000
2,116.371535,39.988748,14.4,162.5,10.0,2016:08:05:15:09:15,0,606000
2,116.371599,39.988545,22.2,162.5,10.0,2016:08:05:15:09:15,0,607000
2,116.371662,39.988340,20.3,163.1,10.0,2016:08:05:15:09:15,0,608000
2,116.371709,39.988185,16.4,163.1,10.0,2016:08:05:15:09:15,0,609000
2,116.371756,39.988031,14.7,163.1,15.0,2016:08:05:15:09:15,0,610000
2,116.371811,39.987851,18.9,163.1,15.0,2016:08:05:15:09:15,0,611000
2,116.371875,39.987641,22.5,163.1,15.0,2016:08:05:15:09:15,0,612000
2,116.371939,39.987430,22.5,163.1,15.0,2016:08:05:15:09:15,0,613000
2,116.371987,39.987272,15.8,163.1,15.0,2016:08:05:15:09:15,0,614000
2,116.372035,39.987114,14.4,163.1,15.0,2016:08:05:15:09:15,0,615000
2,116.372074,39.986982,13.1,163.4,15.0,2016:08:05:15:09:15,0,616000
2,116.372127,39.986799,17.2,163.8,15.0,2016:08:05:15:09:15,0,617000
2,116.372165,39.986668,14.4,163.8,15.0,2016:08:05:15:09:15,0,618000
2,116.372203,39.986537,13.9,163.8,15.0,2016:08:05:15:09:15,0,619000
2,116.372245,39.986371,18.1,165.9,15.0,2016:08:05:15:09:15,0,620000
2,116.372307,39.986160,21.7,163.8,15.0,2016:08:05:15:09:15,0,621000
2,116.372376,39.985938,23.1,162.6,15.0,2016:08:05:15:09:15,0,622000
2,116.372439,39.985716,21.4,164.2,15.0,2016:08:05:15:09:15,0,623000
2,116.372495,39.985511,21.1,164.8,15.0,2016:08:05:15:09:15,0,624000
2,116.372536,39.985368,15.6,164.2,15.0,2016:08:05:15:09:15,0,625000
2,116.372579,39.985212,16.1,164.4,15.0,2016:08:05:15:09:15,0,626000
2,116.372637,39.985004,21.7,164.4,15.0,2016:08:05:15:09:15,0,627000
2,116.372695,39.984796,21.9,164.4,15.0,2016:08:05:15:09:15,0,628000
2,116.372746,39.984614,20.6,164.4,15.0,2016:08:05:15:09:15,0,629000
2,116.372789,39.984458,17.8,164.4,15.0,2016:08:05:15:09:15,0,630000
2,116.372826,39.984329,13.6,164.2,15.0,2016:08:05:15:09:15,0,631000
2,116.372871,39.984179,16.4,163.3,15.0,2016:08:05:15:09:15,0,632000
2,116.372922,39.983996,20.3,164.3,15.0,2016:08:05:15:09:15,0,633000
2,116.372973,39.983812,18.9,164.5,15.0,2016:08:05:15:09:15,0,634000
2,116.373025,39.983627,19.4,164.5,15.0,2016:08:05:15:09:15,0,635000
2,116.373061,39.983496,12.5,164.5,15.0,2016:08:05:15:09:15,0,636000
2,116.373098,39.983364,13.9,164.5,15.0,2016:08:05:15:09:15,0,637000
2,116.373159,39.983157,19.4,163.6,15.0,2016:08:05:15:09:15,0,638000
2,116.373212,39.982975,19.7,163.6,15.0,2016:08:05:15:09:15,0,639000
2,116.373266,39.982794,18.9,163.6,15.0,2016:08:05:15:09:15,0,640000
2,116.373312,39.982639,16.1,163.6,15.0,2016:08:05:15:09:15,0,641000
2,116.373372,39.982433,21.1,163.8,15.0,2016:08:05:15:09:15,0,642000
2,116.373421,39.982256,19.4,164.5,15.0,2016:08:05:15:09:15,0,643000
2,116.373470,39.982078,16.4,164.5,15.0,2016:08:05:15:09:15,0,644000
2,116.373523,39.981899,19.4,163.5,7.0,2016:08:05:15:09:15,0,645000
2,116.373570,39.981744,13.9,163.4,7.0,2016:08:05:15:09:15,0,646000
2,116.373616,39.981589,14.4,163.4,7.0,2016:08:05:15:09:15,0,647000
2,116.373670,39.981409,20.0,163.4,7.0,2016:08:05:15:09:15,0,648000
2,116.373728,39.981200,22.8,164.3,7.0,2016:08:05:15:09:15,0,649000
2,116.373787,39.980990,22.8,164.5,7.0,2016:08:05:15:09:15,0,650000
2,116.373830,39.980833,14.4,164.5,7.0,2016:08:05:15:09:15,0,651000
2,116.373881,39.980649,18.6,164.5,7.0,2016:08:05:15:09:15,0,652000
2,116.373932,39.980465,20.0,164.5,7.0,2016:08:05:15:09:15,0,653000
2,116.373978,39.980294,16.4,165.1,7.0,2016:08:05:15:09:15,0,654000
2,116.374026,39.980118,18.3,164.8,7.0,2016:08:05:15:09:15,0,655000
2,116.374063,39.979987,14.2,164.4,7.0,2016:08:05:15:09:15,0,656000
2,116.374114,39.979803,18.3,164.4,7.0,2016:08:05:15:09:15,0,657000
2,116.374173,39.979593,20.6,164.4,7.0,2016:08:05:15:09:15,0,658000
2,116.374224,39.979409,19.2,164.4,7.0,2016:08:05:15:09:15,0,659000
2,116.374268,39.979252,17.5,164.4,7.0,2016:08:05:15:09:15,0,660000
2,116.374305,39.979121,14.2,164.4,7.0,2016:08:05:15:09:15,0,661000
2,116.374349,39.978964,16.9,164.4,7.0,2016:08:05:15:09:15,0,662000
2,116.374408,39.978754,22.5,164.4,7.0,2016:08:05:15:09:15,0,663000
2,116.374466,39.978544,22.5,164.4,7.0,2016:08:05:15:09:15,0,664000
2,116.374510,39.978386,16.9,164.4,7.0,2016:08:05:15:09:15,0,665000
2,116.374555,39.978229,16.9,164.4,7.0,2016:08:05:15:09:15,0,666000
2,116.374606,39.978045,18.3,164.4,7.0,2016:08:05:15:09:15,0,667000
2,116.374650,39.977888,15.6,164.4,7.0,2016:08:05:15:09:15,0,668000
2,116.374687,39.977757,12.2,164.4,7.0,2016:08:05:15:09:15,0,669000
2,116.374730,39.977600,17.8,164.5,7.0,2016:08:05:15:09:15,0,670000
2,116.374773,39.977443,17.2,164.6,7.0,2016:08:05:15:09:15,0,671000
2,116.374817,39.977287,17.2,164.6,7.0,2016:08:05:15:09:15,0,672000
2,116.374852,39.977156,13.1,164.6,7.0,2016:08:05:15:09:15,0,673000
2,116.374888,39.977026,11.7,164.6,7.0,2016:08:05:15:09:15,0,674000
2,116.374931,39.976869,14.2,164.6,7.0,2016:08:05:15:09:15,0,675000
2,116.374974,39.976713,16.9,164.6,7.0,2016:08:05:15:09:15,0,676000
2,116.375010,39.976582,12.8,164.6,7.0,2016:08:05:15:09:15,0,677000
2,116.375055,39.976399,19.7,166.3,7.0,2016:08:05:15:09:15,0,678000
2,116.375090,39.976185,22.2,170.6,7.0,2016:08:05:15:09:15,0,679000
2,116.375121,39.975998,20.8,170.6,7.0,2016:08:05:15:09:15,0,680000
2,116.375148,39.975838,16.7,170.6,7.0,2016:08:05:15:09:15,0,681000
2,116.375166,39.975653,18.1,174.5,9.0,2016:08:05:15:09:15,0,682000
2,116.375166,39.975462,17.8,180.0,9.0,2016:08:05:15:09:15,0,683000
2,116.375162,39.975256,21.4,181.0,9.0,2016:08:05:15:09:15,0,684000
2,116.375156,39.975072,20.0,181.9,9.0,2016:08:05:15:09:15,0,685000
2,116.375156,39.974885,20.8,180.0,9.0,2016:08:05:15:09:15,0,686000
2,116.375156,39.974752,13.9,180.0,9.0,2016:08:05:15:09:15,0,687000
2,116.375156,39.974619,14.2,180.0,9.0,2016:08:05:15:09:15,0,688000
2,116.375140,39.974459,17.8,185.7,9.0,2016:08:05:15:09:15,0,689000
2,116.375115,39.974246,23.6,186.8,9.0,2016:08:05:15:09:15,0,690000
2,116.375093,39.974060,16.7,186.8,9.0,2016:08:05:15:09:15,0,691000
2,116.375077,39.973927,14.2,186.8,9.0,2016:08:05:15:09:15,0,692000
2,116.375064,39.973821,11.7,186.8,9.0,2016:08:05:15:09:15,0,693000
2,116.375051,39.973714,11.7,186.8,9.0,2016:08:05:15:09:15,0,694000
2,116.375038,39.973608,11.7,186.8,9.0,2016:08:05:15:09:15,0,695000
2,116.375023,39.973475,12.8,186.8,9.0,2016:08:05:15:09:15,0,696000
2,116.375001,39.973291,19.7,186.7,9.0,2016:08:05:15:09:15,0,697000
2,116.374974,39.973056,22.5,186.5,9.0,2016:08:05:15:09:15,0,698000
2,116.374955,39.972896,16.9,186.6,9.0,2016:08:05:15:09:15,0,699000
2,116.374937,39.972737,16.9,186.6,9.0,2016:08:05:15:09:15,0,700000
2,116.374915,39.972551,18.3,186.6,9.0,2016:08:05:15:09:15,0,701000
2,116.374894,39.972365,19.7,186.7,9.0,2016:08:05:15:09:15,0,702000
2,116.374868,39.972151,19.7,186.8,9.0,2016:08:05:15:09:15,0,703000
2,116.374845,39.971964,18.3,186.8,9.0,2016:08:05:15:09:15,0,704000
2,116.374823,39.971776,17.5,186.8,9.0,2016:08:05:15:09:15,0,705000
2,116.374810,39.971669,11.9,186.8,9.0,2016:08:05:15:09:15,0,706000
2,116.374796,39.971540,12.5,186.3,9.0,2016:08:05:15:09:15,0,707000
2,116.374777,39.971362,17.5,186.1,9.0,2016:08:05:15:09:15,0,708000
2,116.374751,39.971189,16.9,188.5,9.0,2016:08:05:15:09:15,0,709000
2,116.374729,39.971002,19.7,186.6,9.0,2016:08:05:15:09:15,0,710000
2,116.374711,39.970841,16.9,186.6,9.0,2016:08:05:15:09:15,0,711000
2,116.374692,39.970680,14.2,186.6,9.0,2016:08:05:15:09:15,0,712000
2,116.374668,39.970466,19.7,186.6,9.0,2016:08:05:15:09:15,0,713000
2,116.374643,39.970252,21.4,186.6,9.0,2016:08:05:15:09:15,0,714000
2,116.374625,39.970092,15.8,186.6,9.0,2016:08:05:15:09:15,0,715000
2,116.374606,39.969931,17.2,186.6,9.0,2016:08:05:15:09:15,0,716000
2,116.374588,39.969771,14.4,186.6,9.0,2016:08:05:15:09:15,0,717000
2,116.374563,39.969557,22.5,186.6,12.0,2016:08:05:15:09:15,0,718000
2,116.374536,39.969317,26.7,186.5,12.0,2016:08:05:15:09:15,0,719000
2,116.374509,39.969080,25.3,186.5,12.0,2016:08:05:15:09:15,0,720000
2,116.374485,39.968868,22.5,186.5,12.0,2016:08:05:15:09:15,0,721000
2,116.374467,39.968710,16.1,186.5,12.0,2016:08:05:15:09:15,0,722000
2,116.374449,39.968552,14.4,186.5,12.0,2016:08:05:15:09:15,0,723000
2,116.374431,39.968393,14.4,186.5,12.0,2016:08:05:15:09:15,0,724000
2,116.374413,39.968235,17.2,186.5,12.0,2016:08:05:15:09:15,0,725000
2,116.374391,39.968051,16.9,186.7,12.0,2016:08:05:15:09:15,0,726000
2,116.374371,39.967894,16.9,187.3,12.0,2016:08:05:15:09:15,0,727000
2,116.374351,39.967737,16.9,187.3,12.0,2016:08:05:15:09:15,0,728000
2,116.374331,39.967558,19.2,186.6,12.0,2016:08:05:15:09:15,0,729000
2,116.374305,39.967375,19.4,187.9,12.0,2016:08:05:15:09:15,0,730000
2,116.374281,39.967198,18.9,187.8,12.0,2016:08:05:15:09:15,0,731000
2,116.374261,39.967048,15.3,187.6,12.0,2016:08:05:15:09:15,0,732000
2,116.374247,39.966920,13.9,186.5,12.0,2016:08:05:15:09:15,0,733000
2,116.374222,39.966755,18.1,188.5,12.0,2016:08:05:15:09:15,0,734000
2,116.374191,39.966530,21.7,187.8,12.0,2016:08:05:15:09:15,0,735000
2,116.374166,39.966345,20.3,187.7,12.0,2016:08:05:15:09:15,0,736000
2,116.374145,39.966188,14.2,187.8,12.0,2016:08:05:15:09:15,0,737000
2,116.374130,39.966086,11.4,188.1,12.0,2016:08:05:15:09:15,0,738000
2,116.374109,39.965933,15.3,188.1,12.0,2016:08:05:15:09:15,0,739000
2,116.374080,39.965748,19.4,188.9,12.0,2016:08:05:15:09:15,0,740000
2,116.374055,39.965589,16.7,188.9,12.0,2016:08:05:15:09:15,0,741000
2,116.374030,39.965429,13.9,188.9,12.0,2016:08:05:15:09:15,0,742000
2,116.374010,39.965297,14.4,188.9,12.0,2016:08:05:15:09:15,0,743000
2,116.373985,39.965138,17.2,188.9,12.0,2016:08:05:15:09:15,0,744000
2,116.373960,39.964979,15.0,188.9,12.0,2016:08:05:15:09:15,0,745000
2,116.373931,39.964793,16.4,188.9,12.0,2016:08:05:15:09:15,0,746000
2,116.373904,39.964610,19.2,188.5,12.0,2016:08:05:15:09:15,0,747000
2,116.373874,39.964403,21.9,188.2,12.0,2016:08:05:15:09:15,0,748000
2,116.373840,39.964171,23.1,188.2,12.0,2016:08:05:15:09:15,0,749000
2,116.373814,39.963988,20.0,188.2,12.0,2016:08:05:15:09:15,0,750000
2,116.373795,39.963856,14.4,188.2,12.0,2016:08:05:15:09:15,0,751000
2,116.373772,39.963698,16.1,188.2,12.0,2016:08:05:15:09:15,0,752000
2,116.373746,39.963513,19.7,188.2,12.0,2016:08:05:15:09:15,0,753000
2,116.373719,39.963328,18.3,188.2,17.0,2016:08:05:15:09:15,0,754000
2,116.373696,39.963170,14.7,188.2,17.0,2016:08:05:15:09:15,0,755000
2,116.373670,39.962985,16.7,188.2,17.0,2016:08:05:15:09:15,0,756000
2,116.373644,39.962800,19.2,188.2,17.0,2016:08:05:15:09:15,0,757000
2,116.373620,39.962614,20.6,187.3,17.0,2016:08:05:15:09:15,0,758000
2,116.373596,39.962427,20.0,187.1,17.0,2016:08:05:15:09:15,0,759000
2,116.373576,39.962267,14.4,187.3,17.0,2016:08:05:15:09:15,0,760000
2,116.373555,39.962107,14.7,187.4,17.0,2016:08:05:15:09:15,0,761000
2,116.373535,39.961947,17.5,187.4,17.0,2016:08:05:15:09:15,0,762000
2,116.373514,39.961787,17.5,187.4,17.0,2016:08:05:15:09:15,0,763000
2,116.373497,39.961654,13.9,187.4,17.0,2016:08:05:15:09:15,0,764000
2,116.373473,39.961467,20.8,187.4,17.0,2016:08:05:15:09:15,0,765000
2,116.373442,39.961227,25.0,187.4,17.0,2016:08:05:15:09:15,0,766000
2,116.373418,39.961041,20.8,187.4,17.0,2016:08:05:15:09:15,0,767000
2,116.373400,39.960907,14.4,187.4,17.0,2016:08:05:15:09:15,0,768000
2,116.373387,39.960801,8.9,187.4,17.0,2016:08:05:15:09:15,0,769000
2,116.373369,39.960667,13.1,187.4,17.0,2016:08:05:15:09:15,0,770000
2,116.373356,39.960561,11.4,187.4,17.0,2016:08:05:15:09:15,0,771000
2,116.373338,39.960428,12.8,187.4,17.0,2016:08:05:15:09:15,0,772000
2,116.373314,39.960241,19.7,187.4,17.0,2016:08:05:15:09:15,0,773000
2,116.373287,39.960028,19.7,187.2,17.0,2016:08:05:15:09:15,0,774000
2,116.373267,39.959845,19.2,186.4,17.0,2016:08:05:15:09:15,0,775000
2,116.373252,39.959714,12.2,186.4,17.0,2016:08:05:15:09:15,0,776000
2,116.373237,39.959583,11.7,186.4,17.0,2016:08:05:15:09:15,0,777000
2,116.373219,39.959425,17.2,186.4,17.0,2016:08:05:15:09:15,0,778000
2,116.373199,39.959242,18.6,186.4,17.0,2016:08:05:15:09:15,0,779000
2,116.373171,39.959005,25.6,186.7,17.0,2016:08:05:15:09:15,0,780000
2,116.373144,39.958791,22.8,187.1,17.0,2016:08:05:15:09:15,0,781000
2,116.373114,39.958551,25.6,187.1,17.0,2016:08:05:15:09:15,0,782000
2,116.373095,39.958338,22.2,185.0,17.0,2016:08:05:15:09:15,0,783000
2,116.373080,39.958151,17.5,184.7,17.0,2016:08:05:15:09:15,0,784000
2,116.373069,39.958018,11.9,184.7,17.0,2016:08:05:15:09:15,0,785000
2,116.373053,39.957832,17.5,184.7,17.0,2016:08:05:15:09:15,0,786000
2,116.373040,39.957623,20.6,183.7,17.0,2016:08:05:15:09:15,0,787000
2,116.373027,39.957415,23.1,183.5,17.0,2016:08:05:15:09:15,0,788000
2,116.373016,39.957233,18.9,183.5,17.0,2016:08:05:15:09:15,0,789000
2,116.373006,39.957075,16.4,183.8,7.0,2016:08:05:15:09:15,0,790000
2,116.372994,39.956915,13.6,184.1,5.0,2016:08:05:15:09:15,0,791000
2,116.372981,39.956728,17.8,184.1,5.0,2016:08:05:15:09:15,0,792000
2,116.372971,39.956555,19.2,183.1,5.0,2016:08:05:15:09:15,0,793000
2,116.372981,39.956398,16.4,176.3,5.0,2016:08:05:15:09:15,0,794000
2,116.372991,39.956242,15.8,176.3,5.0,2016:08:05:15:09:15,0,795000
2,116.373007,39.956009,22.8,176.1,5.0,2016:08:05:15:09:15,0,796000
2,116.373023,39.955806,20.0,175.5,5.0,2016:08:05:15:09:15,0,797000
2,116.373036,39.955626,18.9,176.2,5.0,2016:08:05:15:09:15,0,798000
2,116.373045,39.955443,20.3,177.0,5.0,2016:08:05:15:09:15,0,799000
2,116.373053,39.955286,14.7,177.0,5.0,2016:08:05:15:09:15,0,800000
2,116.373062,39.955128,17.5,177.0,5.0,2016:08:05:15:09:15,0,801000
2,116.373071,39.954945,16.1,177.0,5.0,2016:08:05:15:09:15,0,802000
2,116.373080,39.954761,20.0,177.2,5.0,2016:08:05:15:09:15,0,803000
2,116.373090,39.954551,19.7,177.3,5.0,2016:08:05:15:09:15,0,804000
2,116.373098,39.954394,13.9,177.3,5.0,2016:08:05:15:09:15,0,805000
2,116.373097,39.954236,16.7,180.2,5.0,2016:08:05:15:09:15,0,806000
2,116.373088,39.954079,17.2,183.2,5.0,2016:08:05:15:09:15,0,807000
2,116.373078,39.953896,18.6,183.2,5.0,2016:08:05:15:09:15,0,808000
2,116.373068,39.953713,20.0,183.2,5.0,2016:08:05:15:09:15,0,809000
2,116.373061,39.953582,13.1,183.2,5.0,2016:08:05:15:09:15,0,810000
2,116.373052,39.953425,16.4,183.2,5.0,2016:08:05:15:09:15,0,811000
2,116.373055,39.953214,19.2,179.0,5.0,2016:08:05:15:09:15,0,812000
2,116.373059,39.953003,21.9,179.0,5.0,2016:08:05:15:09:15,0,813000
2,116.373059,39.952793,19.2,180.1,5.0,2016:08:05:15:09:15,0,814000
2,116.373050,39.952638,15.0,183.1,5.0,2016:08:05:15:09:15,0,815000
2,116.373042,39.952479,16.4,182.9,5.0,2016:08:05:15:09:15,0,816000
2,116.373032,39.952293,17.8,182.9,5.0,2016:08:05:15:09:15,0,817000
2,116.373022,39.952081,20.6,182.9,5.0,2016:08:05:15:09:15,0,818000
2,116.373013,39.951841,23.6,182.0,5.0,2016:08:05:15:09:15,0,819000
2,116.373017,39.951653,17.8,178.8,5.0,2016:08:05:15:09:15,0,820000
2,116.373021,39.951492,16.7,178.8,5.0,2016:08:05:15:09:15,0,821000
2,116.373023,39.951358,13.9,178.8,5.0,2016:08:05:15:09:15,0,822000
2,116.373028,39.951170,20.6,178.8,5.0,2016:08:05:15:09:15,0,823000
2,116.373032,39.950955,20.3,178.8,5.0,2016:08:05:15:09:15,0,824000
2,116.373017,39.950769,19.4,184.8,5.0,2016:08:05:15:09:15,0,825000
2,116.373012,39.950612,16.7,181.6,11.0,2016:08:05:15:09:15,0,826000
2,116.372986,39.950435,16.9,188.5,11.0,2016:08:05:15:09:15,0,827000
2,116.372910,39.950214,23.9,198.9,11.0,2016:08:05:15:09:15,0,828000
2,116.372842,39.950035,19.2,200.7,11.0,2016:08:05:15:09:15,0,829000
2,116.372783,39.949883,17.8,201.5,11.0,2016:08:05:15:09:15,0,830000
2,116.372693,39.949706,20.6,206.9,11.0,2016:08:05:15:09:15,0,831000
2,116.372550,39.949582,15.0,229.3,11.0,2016:08:05:15:09:15,0,832000
2,116.372493,39.949416,16.7,198.8,11.0,2016:08:05:15:09:15,0,833000
2,116.372455,39.949266,16.7,194.1,11.0,2016:08:05:15:09:15,0,834000
2,116.372428,39.949144,12.5,192.8,11.0,2016:08:05:15:09:15,0,835000
2,116.372403,39.948996,13.9,189.5,11.0,2016:08:05:15:09:15,0,836000
2,116.372414,39.948812,18.1,176.5,11.0,2016:08:05:15:09:15,0,837000
2,116.372420,39.948599,23.6,178.5,11.0,2016:08:05:15:09:15,0,838000
2,116.372403,39.948376,24.2,184.2,11.0,2016:08:05:15:09:15,0,839000
2,116.372541,39.948175,23.9,145.5,11.0,2016:08:05:15:09:15,0,840000
2,116.372671,39.948030,16.9,138.1,11.0,2016:08:05:15:09:15,0,841000
2,116.372764,39.947926,12.8,138.1,11.0,2016:08:05:15:09:15,0,842000
2,116.372873,39.947745,21.1,149.0,11.0,2016:08:05:15:09:15,0,843000
2,116.372873,39.947551,21.1,180.0,11.0,2016:08:05:15:09:15,0,844000
2,116.372883,39.947351,20.0,177.1,11.0,2016:08:05:15:09:15,0,845000
2,116.372903,39.947155,20.0,174.1,11.0,2016:08:05:15:09:15,0,846000
2,116.372992,39.947015,17.8,147.5,11.0,2016:08:05:15:09:15,0,847000
2,116.373239,39.946952,21.9,104.4,11.0,2016:08:05:15:09:15,0,848000
2,116.373427,39.946832,18.6,122.4,11.0,2016:08:05:15:09:15,0,849000
2,116.373632,39.946735,18.6,115.5,11.0,2016:08:05:15:09:15,0,850000
2,116.373684,39.946589,14.4,160.4,11.0,2016:08:05:15:09:15,0,851000
2,116.373681,39.946439,14.4,181.1,11.0,2016:08:05:15:09:15,0,852000
2,116.373670,39.946334,11.1,186.0,11.0,2016:08:05:15:09:15,0,853000
2,116.373653,39.946176,17.2,186.0,11.0,2016:08:05:15:09:15,0,854000
2,116.373628,39.945943,25.0,186.1,11.0,2016:08:05:15:09:15,0,855000
2,116.373606,39.945735,20.0,186.1,11.0,2016:08:05:15:09:15,0,856000
2,116.373588,39.945578,15.6,186.7,11.0,2016:08:05:15:09:15,0,857000
2,116.373561,39.945419,15.6,189.4,11.0,2016:08:05:15:09:15,0,858000
2,116.373531,39.945233,19.7,189.4,21.0,2016:08:05:15:09:15,0,859000
2,116.373496,39.945020,22.5,189.4,30.0,2016:08:05:15:09:15,0,860000
2,116.373469,39.944861,14.2,189.4,30.0,2016:08:05:15:09:15,0,861000
2,116.373443,39.944701,15.3,189.4,30.0,2016:08:05:15:09:15,0,862000
2,116.373407,39.944492,22.8,189.7,30.0,2016:08:05:15:09:15,0,863000
2,116.373378,39.944272,22.2,187.5,30.0,2016:08:05:15:09:15,0,864000
2,116.373370,39.944041,25.0,182.1,30.0,2016:08:05:15:09:15,0,865000
2,116.373363,39.943835,22.2,182.1,30.0,2016:08:05:15:09:15,0,866000
2,116.373369,39.943655,18.1,177.9,30.0,2016:08:05:15:09:15,0,867000
2,116.373374,39.943526,12.8,177.9,30.0,2016:08:05:15:09:15,0,868000
2,116.373378,39.943398,14.2,177.9,30.0,2016:08:05:15:09:15,0,869000
2,116.373372,39.943243,16.1,182.3,30.0,2016:08:05:15:09:15,0,870000
2,116.373342,39.943087,16.7,190.8,30.0,2016:08:05:15:09:15,0,871000
2,116.373313,39.942931,16.7,190.8,30.0,2016:08:05:15:09:15,0,872000
2,116.373283,39.942775,16.7,190.8,30.0,2016:08:05:15:09:15,0,873000
2,116.373223,39.942615,18.1,200.6,30.0,2016:08:05:15:09:15,0,874000
2,116.373161,39.942431,20.6,198.4,30.0,2016:08:05:15:09:15,0,875000
2,116.373101,39.942239,20.3,197.6,30.0,2016:08:05:15:09:15,0,876000
2,116.373043,39.942062,16.1,198.0,30.0,2016:08:05:15:09:15,0,877000
2,116.373019,39.941930,14.2,190.4,30.0,2016:08:05:15:09:15,0,878000
2,116.372985,39.941745,18.3,190.4,30.0,2016:08:05:15:09:15,0,879000
2,116.372946,39.941533,22.2,190.4,30.0,2016:08:05:15:09:15,0,880000
2,116.372912,39.941348,18.3,190.4,30.0,2016:08:05:15:09:15,0,881000
2,116.372888,39.941215,14.2,190.4,30.0,2016:08:05:15:09:15,0,882000
2,116.372869,39.941083,11.4,188.3,30.0,2016:08:05:15:09:15,0,883000
2,116.372854,39.940923,16.9,185.2,30.0,2016:08:05:15:09:15,0,884000
2,116.372835,39.940711,22.2,185.2,30.0,2016:08:05:15:09:15,0,885000
2,116.372813,39.940472,25.0,185.2,30.0,2016:08:05:15:09:15,0,886000
2,116.372805,39.940286,19.2,182.6,30.0,2016:08:05:15:09:15,0,887000
2,116.372807,39.940127,16.4,179.2,30.0,2016:08:05:15:09:15,0,888000
2,116.372810,39.939915,19.2,179.2,30.0,2016:08:05:15:09:15,0,889000
2,116.372813,39.939729,17.8,179.2,30.0,2016:08:05:15:09:15,0,890000
2,116.372826,39.939569,16.9,175.4,30.0,2016:08:05:15:09:15,0,891000
2,116.372841,39.939436,12.8,173.5,30.0,2016:08:05:15:09:15,0,892000
2,116.372856,39.939303,14.4,173.5,30.0,2016:08:05:15:09:15,0,893000
2,116.372877,39.939116,20.8,173.5,30.0,2016:08:05:15:09:15,0,894000
2,116.372899,39.938929,19.4,173.5,20.0,2016:08:05:15:09:15,0,895000
2,116.372917,39.938769,16.9,173.5,20.0,2016:08:05:15:09:15,0,896000
2,116.372932,39.938638,13.9,173.5,20.0,2016:08:05:15:09:15,0,897000
2,116.372947,39.938506,14.2,173.5,20.0,2016:08:05:15:09:15,0,898000
2,116.372971,39.938295,19.4,173.5,20.0,2016:08:05:15:09:15,0,899000
2,116.372995,39.938085,19.4,173.5,20.0,2016:08:05:15:09:15,0,900000
2,116.373009,39.937952,12.5,173.8,20.0,2016:08:05:15:09:15,0,901000
2,116.373022,39.937817,12.8,174.3,20.0,2016:08:05:15:09:15,0,902000
2,116.373041,39.937629,20.6,174.3,20.0,2016:08:05:15:09:15,0,903000
2,116.373062,39.937414,21.7,174.3,20.0,2016:08:05:15:09:15,0,904000
2,116.373084,39.937199,20.8,174.3,20.0,2016:08:05:15:09:15,0,905000
2,116.373102,39.937011,18.9,174.3,20.0,2016:08:05:15:09:15,0,906000
2,116.373116,39.936876,14.7,174.3,20.0,2016:08:05:15:09:15,0,907000
2,116.373137,39.936665,20.3,174.4,20.0,2016:08:05:15:09:15,0,908000
2,116.373157,39.936456,21.4,174.4,20.0,2016:08:05:15:09:15,0,909000
2,116.373173,39.936299,17.2,174.4,20.0,2016:08:05:15:09:15,0,910000
2,116.373186,39.936168,13.3,174.4,20.0,2016:08:05:15:09:15,0,911000
2,116.373199,39.936038,13.1,174.4,20.0,2016:08:05:15:09:15,0,912000
2,116.373209,39.935935,10.3,174.2,20.0,2016:08:05:15:09:15,0,913000
2,116.373222,39.935808,13.9,174.1,20.0,2016:08:05:15:09:15,0,914000
2,116.373238,39.935656,16.7,174.1,20.0,2016:08:05:15:09:15,0,915000
2,116.373279,39.935455,18.6,168.6,20.0,2016:08:05:15:09:15,0,916000
2,116.373317,39.935282,19.4,167.5,20.0,2016:08:05:15:09:15,0,917000
2,116.373350,39.935061,23.6,171.4,20.0,2016:08:05:15:09:15,0,918000
2,116.373380,39.934878,19.4,170.8,20.0,2016:08:05:15:09:15,0,919000
2,116.373410,39.934695,18.1,170.8,20.0,2016:08:05:15:09:15,0,920000
2,116.373431,39.934564,13.9,170.8,20.0,2016:08:05:15:09:15,0,921000
2,116.373464,39.934379,18.9,170.0,20.0,2016:08:05:15:09:15,0,922000
2,116.373495,39.934175,19.4,171.2,20.0,2016:08:05:15:09:15,0,923000
2,116.373524,39.933975,22.2,171.9,20.0,2016:08:05:15:09:15,0,924000
2,116.373546,39.933735,23.1,174.6,20.0,2016:08:05:15:09:15,0,925000
2,116.373567,39.933552,18.9,173.5,20.0,2016:08:05:15:09:15,0,926000
2,116.373590,39.933372,15.8,172.6,20.0,2016:08:05:15:09:15,0,927000
2,116.373607,39.933244,13.3,172.6,20.0,2016:08:05:15:09:15,0,928000
2,116.373626,39.933088,16.1,172.9,20.0,2016:08:05:15:09:15,0,929000
2,116.373647,39.932874,21.7,174.5,20.0,2016:08:05:15:09:15,0,930000
2,116.373665,39.932687,20.3,174.5,10.0,2016:08:05:15:09:15,0,931000
2,116.373680,39.932526,17.2,174.5,7.0,2016:08:05:15:09:15,0,932000
2,116.373693,39.932392,13.1,174.5,7.0,2016:08:05:15:09:15,0,933000
2,116.373705,39.932233,17.5,175.7,7.0,2016:08:05:15:09:15,0,934000
2,116.373711,39.932051,18.9,178.2,7.0,2016:08:05:15:09:15,0,935000
2,116.373716,39.931895,13.3,178.2,7.0,2016:08:05:15:09:15,0,936000
2,116.373720,39.931739,13.9,178.2,7.0,2016:08:05:15:09:15,0,937000
2,116.373724,39.931588,16.1,178.8,7.0,2016:08:05:15:09:15,0,938000
2,116.373963,39.931565,20.3,95.6,7.0,2016:08:05:15:09:15,0,939000
2,116.374243,39.931577,20.3,87.6,7.0,2016:08:05:15:09:15,0,940000
2,116.374418,39.931584,13.3,87.6,7.0,2016:08:05:15:09:15,0,941000
2,116.374662,39.931594,20.3,87.6,7.0,2016:08:05:15:09:15,0,942000
2,116.374907,39.931604,20.3,87.6,7.0,2016:08:05:15:09:15,0,943000
2,116.375187,39.931616,20.0,87.6,7.0,2016:08:05:15:09:15,0,944000
2,116.375428,39.931625,20.0,87.9,7.0,2016:08:05:15:09:15,0,945000
2,116.375628,39.931630,15.8,88.7,7.0,2016:08:05:15:09:15,0,946000
2,116.375795,39.931634,9.4,88.5,7.0,2016:08:05:15:09:15,0,947000
2,116.375968,39.931641,13.3,87.7,7.0,2016:08:05:15:09:15,0,948000
2,116.376107,39.931647,10.6,87.7,7.0,2016:08:05:15:09:15,0,949000
2,116.376246,39.931653,10.0,87.7,7.0,2016:08:05:15:09:15,0,950000
2,116.376453,39.931661,14.7,87.7,7.0,2016:08:05:15:09:15,0,951000
2,116.376627,39.931668,13.9,87.7,7.0,2016:08:05:15:09:15,0,952000
2,116.376834,39.931677,16.7,87.7,7.0,2016:08:05:15:09:15,0,953000
2,116.377077,39.931687,19.4,87.7,7.0,2016:08:05:15:09:15,0,954000
2,116.377285,39.931695,15.6,87.7,7.0,2016:08:05:15:09:15,0,955000
2,116.377493,39.931704,14.7,87.7,7.0,2016:08:05:15:09:15,0,956000
2,116.377666,39.931711,13.9,87.7,7.0,2016:08:05:15:09:15,0,957000
2,116.377874,39.931719,16.7,87.7,7.0,2016:08:05:15:09:15,0,958000
2,116.378047,39.931726,12.5,87.8,7.0,2016:08:05:15:09:15,0,959000
2,116.378289,39.931735,19.4,87.9,7.0,2016:08:05:15:09:15,0,960000
2,116.378532,39.931743,19.2,88.0,7.0,2016:08:05:15:09:15,0,961000
2,116.378740,39.931750,16.4,88.1,7.0,2016:08:05:15:09:15,0,962000
2,116.378948,39.931757,16.4,88.1,7.0,2016:08:05:15:09:15,0,963000
2,116.379191,39.931765,19.7,88.1,7.0,2016:08:05:15:09:15,0,964000
2,116.379434,39.931774,18.3,88.1,7.0,2016:08:05:15:09:15,0,965000
2,116.379608,39.931779,14.2,88.1,7.0,2016:08:05:15:09:15,0,966000
2,116.379851,39.931787,18.3,88.1,7.0,2016:08:05:15:09:15,0,967000
2,116.380061,39.931796,17.2,87.8,7.0,2016:08:05:15:09:15,0,968000
2,116.380340,39.931807,20.8,87.7,7.0,2016:08:05:15:09:15,0,969000
2,116.380585,39.931817,20.0,87.7,7.0,2016:08:05:15:09:15,0,970000
2,116.380795,39.931825,17.2,87.7,7.0,2016:08:05:15:09:15,0,971000
2,116.381004,39.931833,14.4,87.8,13.0,2016:08:05:15:09:15,0,972000
2,116.381318,39.931845,25.8,87.9,13.0,2016:08:05:15:09:15,0,973000
2,116.381527,39.931852,17.5,87.9,13.0,2016:08:05:15:09:15,0,974000
2,116.381736,39.931860,16.4,87.9,13.0,2016:08:05:15:09:15,0,975000
2,116.381980,39.931869,17.5,87.9,13.0,2016:08:05:15:09:15,0,976000
2,116.382154,39.931876,13.3,87.9,13.0,2016:08:05:15:09:15,0,977000
2,116.382328,39.931882,14.7,87.9,13.0,2016:08:05:15:09:15,0,978000
2,116.382607,39.931892,23.1,87.9,13.0,2016:08:05:15:09:15,0,979000
2,116.382851,39.931901,16.1,87.9,13.0,2016:08:05:15:09:15,0,980000
2,116.383060,39.931909,16.4,87.9,13.0,2016:08:05:15:09:15,0,981000
2,116.383304,39.931918,20.6,87.9,13.0,2016:08:05:15:09:15,0,982000
2,116.383478,39.931924,13.6,87.9,13.0,2016:08:05:15:09:15,0,983000
2,116.383675,39.931925,16.4,89.7,13.0,2016:08:05:15:09:15,0,984000
2,116.383913,39.931930,18.1,88.9,13.0,2016:08:05:15:09:15,0,985000
2,116.384194,39.931939,19.7,88.1,13.0,2016:08:05:15:09:15,0,986000
2,116.384405,39.931947,15.3,88.1,13.0,2016:08:05:15:09:15,0,987000
2,116.384616,39.931954,18.1,88.1,13.0,2016:08:05:15:09:15,0,988000
2,116.384823,39.931962,16.1,87.7,13.0,2016:08:05:15:09:15,0,989000
2,116.384994,39.931965,11.9,89.1,13.0,2016:08:05:15:09:15,0,990000
2,116.385199,39.931969,16.7,88.7,13.0,2016:08:05:15:09:15,0,991000
2,116.385370,39.931981,13.3,86.1,13.0,2016:08:05:15:09:15,0,992000
2,116.385608,39.931997,19.4,86.1,13.0,2016:08:05:15:09:15,0,993000
2,116.385840,39.932009,18.6,87.1,13.0,2016:08:05:15:09:15,0,994000
2,116.386004,39.932016,12.8,87.5,13.0,2016:08:05:15:09:15,0,995000
2,116.386209,39.932031,15.6,85.9,13.0,2016:08:05:15:09:15,0,996000
2,116.386380,39.932043,11.7,85.9,13.0,2016:08:05:15:09:15,0,997000
2,116.386580,39.932063,14.4,84.3,13.0,2016:08:05:15:09:15,0,998000
2,116.386777,39.932063,16.9,90.0,13.0,2016:08:05:15:09:15,0,999000
2,116.387017,39.932063,17.8,90.0,13.0,2016:08:05:15:09:15,0,1000000
2,116.387192,39.932063,14.7,90.0,13.0,2016:08:05:15:09:15,0,1001000
2,116.387449,39.932063,20.3,90.1,13.0,2016:08:05:15:09:15,0,1002000
2,116.387692,39.932061,18.6,90.5,13.0,2016:08:05:15:09:15,0,1003000
2,116.387900,39.932059,16.9,90.5,13.0,2016:08:05:15:09:15,0,1004000
2,116.388109,39.932057,16.9,90.5,13.0,2016:08:05:15:09:15,0,1005000
2,116.388386,39.932055,23.9,90.5,13.0,2016:08:05:15:09:15,0,1006000
2,116.388629,39.932053,19.4,90.5,13.0,2016:08:05:15:09:15,0,1007000
2,116.388835,39.932052,16.7,90.3,13.0,2016:08:05:15:09:15,0,1008000
2,116.389104,39.932052,20.8,90.0,13.0,2016:08:05:15:09:15,0,1009000
2,116.389377,39.932046,20.0,91.2,13.0,2016:08:05:15:09:15,0,1010000
2,116.389581,39.932042,14.4,91.2,13.0,2016:08:05:15:09:15,0,1011000
2,116.389811,39.932040,18.6,90.5,13.0,2016:08:05:15:09:15,0,1012000
2,116.390078,39.932031,21.4,91.7,13.0,2016:08:05:15:09:15,0,1013000
2,116.390293,39.932030,17.2,90.3,16.0,2016:08:05:15:09:15,0,1014000
2,116.390505,39.932025,14.4,91.3,16.0,2016:08:05:15:09:15,0,1015000
2,116.390717,39.932020,17.2,91.3,16.0,2016:08:05:15:09:15,0,1016000
2,116.391000,39.932014,22.8,91.3,16.0,2016:08:05:15:09:15,0,1017000
2,116.391213,39.932009,15.6,91.3,16.0,2016:08:05:15:09:15,0,1018000
2,116.391354,39.932005,10.0,91.3,16.0,2016:08:05:15:09:15,0,1019000
2,116.391531,39.932001,14.2,91.3,16.0,2016:08:05:15:09:15,0,1020000
2,116.391699,39.932000,12.8,90.3,16.0,2016:08:05:15:09:15,0,1021000
2,116.391897,39.932001,12.8,90.0,16.0,2016:08:05:15:09:15,0,1022000
2,116.392177,39.932000,21.1,90.0,16.0,2016:08:05:15:09:15,0,1023000
2,116.392352,39.932000,15.0,90.0,16.0,2016:08:05:15:09:15,0,1024000
2,116.392563,39.932000,15.0,90.0,16.0,2016:08:05:15:09:15,0,1025000
2,116.392808,39.932000,19.4,90.0,16.0,2016:08:05:15:09:15,0,1026000
2,116.393018,39.932000,13.9,90.0,16.0,2016:08:05:15:09:15,0,1027000
2,116.393229,39.932000,16.7,90.0,16.0,2016:08:05:15:09:15,0,1028000
2,116.393474,39.932000,20.8,90.0,16.0,2016:08:05:15:09:15,0,1029000
2,116.393684,39.932000,17.2,90.0,16.0,2016:08:05:15:09:15,0,1030000
2,116.393895,39.932000,14.4,90.0,16.0,2016:08:05:15:09:15,0,1031000
2,116.394140,39.931999,19.4,90.0,16.0,2016:08:05:15:09:15,0,1032000
2,116.394350,39.932000,16.1,90.0,16.0,2016:08:05:15:09:15,0,1033000
2,116.394525,39.932001,14.7,89.6,16.0,2016:08:05:15:09:15,0,1034000
2,116.394770,39.932002,19.2,89.6,16.0,2016:08:05:15:09:15,0,1035000
2,116.395015,39.932004,20.6,89.6,16.0,2016:08:05:15:09:15,0,1036000
2,116.395225,39.932006,16.7,89.6,16.0,2016:08:05:15:09:15,0,1037000
2,116.395435,39.932007,18.6,89.6,16.0,2016:08:05:15:09:15,0,1038000
2,116.395680,39.932009,17.2,89.6,16.0,2016:08:05:15:09:15,0,1039000
2,116.395890,39.932010,17.2,89.6,16.0,2016:08:05:15:09:15,0,1040000
2,116.396100,39.932012,17.2,89.6,16.0,2016:08:05:15:09:15,0,1041000
2,116.396345,39.932014,20.6,89.6,16.0,2016:08:05:15:09:15,0,1042000
2,116.396520,39.932015,13.6,89.6,16.0,2016:08:05:15:09:15,0,1043000
2,116.396695,39.932016,15.0,89.6,16.0,2016:08:05:15:09:15,0,1044000
2,116.397009,39.932018,21.9,89.6,16.0,2016:08:05:15:09:15,0,1045000
2,116.397183,39.932020,15.0,89.5,16.0,2016:08:05:15:09:15,0,1046000
2,116.397390,39.932021,14.7,89.5,16.0,2016:08:05:15:09:15,0,1047000
2,116.397632,39.932023,18.1,89.5,16.0,2016:08:05:15:09:15,0,1048000
2,116.397839,39.932025,14.4,89.5,16.0,2016:08:05:15:09:15,0,1049000
2,116.398012,39.932027,13.1,89.5,16.0,2016:08:05:15:09:15,0,1050000
2,116.398253,39.932029,20.0,89.4,16.0,2016:08:05:15:09:15,0,1051000
2,116.398458,39.932032,14.4,89.2,16.0,2016:08:05:15:09:15,0,1052000
2,116.398664,39.932035,15.3,89.2,16.0,2016:08:05:15:09:15,0,1053000
2,116.398904,39.932038,19.4,89.2,16.0,2016:08:05:15:09:15,0,1054000
2,116.399114,39.932041,15.3,89.2,16.0,2016:08:05:15:09:15,0,1055000
2,116.399289,39.932043,11.1,89.2,16.0,2016:08:05:15:09:15,0,1056000
2,116.399499,39.932046,14.4,89.2,26.0,2016:08:05:15:09:15,0,1057000
2,116.399674,39.932048,13.1,89.2,36.0,2016:08:05:15:09:15,0,1058000
2,116.399672,39.931916,12.2,181.2,46.0,2016:08:05:15:09:15,0,1059000
2,116.399668,39.931732,16.4,181.2,56.0,2016:08:05:15:09:15,0,1060000
2,116.399665,39.931600,12.2,181.2,58.0,2016:08:05:15:09:15,0,1061000
2,116.399662,39.931441,13.6,181.2,58.0,2016:08:05:15:09:15,0,1062000
2,116.399657,39.931230,19.2,181.2,58.0,2016:08:05:15:09:15,0,1063000
2,116.399658,39.931019,20.3,179.6,58.0,2016:08:05:15:09:15,0,1064000
2,116.399668,39.930835,18.9,177.0,58.0,2016:08:05:15:09:15,0,1065000
2,116.399676,39.930676,16.1,177.0,58.0,2016:08:05:15:09:15,0,1066000
2,116.399685,39.930518,14.2,177.0,58.0,2016:08:05:15:09:15,0,1067000
2,116.399696,39.930337,18.3,176.4,58.0,2016:08:05:15:09:15,0,1068000
2,116.399708,39.930128,21.1,176.8,58.0,2016:08:05:15:09:15,0,1069000
2,116.399716,39.929942,16.9,177.5,58.0,2016:08:05:15:09:15,0,1070000
2,116.399721,39.929809,12.8,177.5,58.0,2016:08:05:15:09:15,0,1071000
2,116.399729,39.929623,16.9,177.5,58.0,2016:08:05:15:09:15,0,1072000
2,116.399737,39.929437,20.8,177.5,58.0,2016:08:05:15:09:15,0,1073000
2,116.399745,39.929251,19.7,177.5,58.0,2016:08:05:15:09:15,0,1074000
2,116.399752,39.929091,16.9,177.5,58.0,2016:08:05:15:09:15,0,1075000
2,116.399760,39.928937,14.2,177.1,58.0,2016:08:05:15:09:15,0,1076000
2,116.399768,39.928785,16.9,176.9,58.0,2016:08:05:15:09:15,0,1077000
2,116.399777,39.928632,16.9,176.8,58.0,2016:08:05:15:09:15,0,1078000
2,116.399789,39.928419,20.3,176.6,58.0,2016:08:05:15:09:15,0,1079000
2,116.399800,39.928233,20.3,176.6,58.0,2016:08:05:15:09:15,0,1080000
2,116.399809,39.928074,16.7,176.6,58.0,2016:08:05:15:09:15,0,1081000
2,116.399817,39.927941,14.7,176.6,58.0,2016:08:05:15:09:15,0,1082000
2,116.399825,39.927808,13.3,176.6,58.0,2016:08:05:15:09:15,0,1083000
2,116.399832,39.927612,18.3,178.0,58.0,2016:08:05:15:09:15,0,1084000
2,116.399845,39.927404,22.2,176.4,58.0,2016:08:05:15:09:15,0,1085000
2,116.399858,39.927243,16.7,175.5,58.0,2016:08:05:15:09:15,0,1086000
2,116.399870,39.927082,13.9,175.5,58.0,2016:08:05:15:09:15,0,1087000
2,116.399877,39.926922,15.3,177.8,58.0,2016:08:05:15:09:15,0,1088000
2,116.399891,39.926740,18.1,175.6,58.0,2016:08:05:15:09:15,0,1089000
2,116.399906,39.926528,23.6,175.8,58.0,2016:08:05:15:09:15,0,1090000
2,116.399918,39.926367,17.8,175.9,58.0,2016:08:05:15:09:15,0,1091000
2,116.399928,39.926233,13.6,175.9,58.0,2016:08:05:15:09:15,0,1092000
2,116.399941,39.926046,17.8,175.9,48.0,2016:08:05:15:09:15,0,1093000
2,116.399955,39.925858,20.8,175.9,38.0,2016:08:05:15:09:15,0,1094000
2,116.399966,39.925672,18.1,176.5,28.0,2016:08:05:15:09:15,0,1095000
2,116.399973,39.925543,11.1,177.0,18.0,2016:08:05:15:09:15,0,1096000
2,116.399980,39.925413,13.6,177.0,8.0,2016:08:05:15:09:15,0,1097000
2,116.399989,39.925232,17.8,177.0,7.0,2016:08:05:15:09:15,0,1098000
2,116.400003,39.925028,20.6,176.2,7.0,2016:08:05:15:09:15,0,1099000
2,116.400018,39.924825,20.6,175.8,7.0,2016:08:05:15:09:15,0,1100000
2,116.400027,39.924665,17.2,176.8,7.0,2016:08:05:15:09:15,0,1101000
2,116.400037,39.924478,20.0,176.8,7.0,2016:08:05:15:09:15,0,1102000
2,116.400049,39.924265,20.0,176.8,7.0,2016:08:05:15:09:15,0,1103000
2,116.400058,39.924105,17.2,176.8,7.0,2016:08:05:15:09:15,0,1104000
2,116.400069,39.923920,20.3,176.6,7.0,2016:08:05:15:09:15,0,1105000
2,116.400078,39.923762,16.7,176.6,7.0,2016:08:05:15:09:15,0,1106000
2,116.400088,39.923603,13.1,176.6,7.0,2016:08:05:15:09:15,0,1107000
2,116.400096,39.923471,13.1,176.6,7.0,2016:08:05:15:09:15,0,1108000
2,116.400106,39.923286,20.0,176.6,7.0,2016:08:05:15:09:15,0,1109000
2,116.400117,39.923101,16.9,176.6,7.0,2016:08:05:15:09:15,0,1110000
2,116.400129,39.922945,14.2,175.9,7.0,2016:08:05:15:09:15,0,1111000
2,116.400141,39.922791,15.8,175.2,7.0,2016:08:05:15:09:15,0,1112000
2,116.400154,39.922575,21.9,176.7,7.0,2016:08:05:15:09:15,0,1113000
2,116.400165,39.922387,17.2,176.7,7.0,2016:08:05:15:09:15,0,1114000
2,116.400175,39.922198,20.0,176.7,7.0,2016:08:05:15:09:15,0,1115000
2,116.400185,39.921997,21.4,177.2,7.0,2016:08:05:15:09:15,0,1116000
2,116.400189,39.921845,15.8,178.7,7.0,2016:08:05:15:09:15,0,1117000
2,116.400194,39.921690,14.4,178.0,7.0,2016:08:05:15:09:15,0,1118000
2,116.400199,39.921561,13.1,177.6,7.0,2016:08:05:15:09:15,0,1119000
2,116.400208,39.921379,17.2,177.3,7.0,2016:08:05:15:09:15,0,1120000
2,116.400216,39.921197,18.6,177.3,7.0,2016:08:05:15:09:15,0,1121000
2,116.400224,39.921041,15.6,177.3,7.0,2016:08:05:15:09:15,0,1122000
2,116.400228,39.920908,14.2,178.0,7.0,2016:08:05:15:09:15,0,1123000
2,116.400233,39.920746,17.5,178.4,7.0,2016:08:05:15:09:15,0,1124000
2,116.400238,39.920558,20.0,178.4,7.0,2016:08:05:15:09:15,0,1125000
2,116.400242,39.920396,14.2,178.4,7.0,2016:08:05:15:09:15,0,1126000
2,116.400247,39.920239,16.1,178.2,7.0,2016:08:05:15:09:15,0,1127000
2,116.400253,39.920092,14.7,177.8,7.0,2016:08:05:15:09:15,0,1128000
2,116.400260,39.919885,19.7,178.2,13.0,2016:08:05:15:09:15,0,1129000
2,116.400266,39.919645,25.0,178.5,13.0,2016:08:05:15:09:15,0,1130000
2,116.400270,39.919484,16.7,178.5,13.0,2016:08:05:15:09:15,0,1131000
2,116.400274,39.919351,12.5,178.5,13.0,2016:08:05:15:09:15,0,1132000
2,116.400278,39.919190,15.6,178.5,13.0,2016:08:05:15:09:15,0,1133000
2,116.400284,39.918976,23.9,178.5,13.0,2016:08:05:15:09:15,0,1134000
2,116.400289,39.918789,20.3,178.5,13.0,2016:08:05:15:09:15,0,1135000
2,116.400293,39.918656,13.3,178.5,13.0,2016:08:05:15:09:15,0,1136000
2,116.400297,39.918525,11.9,178.2,13.0,2016:08:05:15:09:15,0,1137000
2,116.400305,39.918382,14.7,177.0,13.0,2016:08:05:15:09:15,0,1138000
2,116.400319,39.918180,20.8,176.0,13.0,2016:08:05:15:09:15,0,1139000
2,116.400331,39.917970,19.4,176.7,13.0,2016:08:05:15:09:15,0,1140000
2,116.400338,39.917808,17.8,177.5,13.0,2016:08:05:15:09:15,0,1141000
2,116.400346,39.917619,18.9,177.5,13.0,2016:08:05:15:09:15,0,1142000
2,116.400354,39.917440,17.5,177.5,13.0,2016:08:05:15:09:15,0,1143000
2,116.400360,39.917263,18.9,177.9,13.0,2016:08:05:15:09:15,0,1144000
2,116.400367,39.917063,21.1,178.1,13.0,2016:08:05:15:09:15,0,1145000
2,116.400374,39.916855,21.7,178.0,13.0,2016:08:05:15:09:15,0,1146000
2,116.400380,39.916700,16.1,178.0,13.0,2016:08:05:15:09:15,0,1147000
2,116.400384,39.916570,12.5,178.0,13.0,2016:08:05:15:09:15,0,1148000
2,116.400392,39.916390,19.2,177.4,13.0,2016:08:05:15:09:15,0,1149000
2,116.400402,39.916185,22.8,177.2,13.0,2016:08:05:15:09:15,0,1150000
2,116.400406,39.915984,22.2,178.9,13.0,2016:08:05:15:09:15,0,1151000
2,116.400417,39.915782,21.9,176.8,13.0,2016:08:05:15:09:15,0,1152000
2,116.400427,39.915595,20.8,177.1,13.0,2016:08:05:15:09:15,0,1153000
2,116.400435,39.915435,15.3,177.1,13.0,2016:08:05:15:09:15,0,1154000
2,116.400436,39.915313,11.1,179.4,13.0,2016:08:05:15:09:15,0,1155000
2,116.400444,39.915132,16.7,177.6,13.0,2016:08:05:15:09:15,0,1156000
2,116.400455,39.914954,18.1,176.5,13.0,2016:08:05:15:09:15,0,1157000
2,116.400463,39.914773,19.4,177.2,13.0,2016:08:05:15:09:15,0,1158000
2,116.400472,39.914591,17.2,177.4,13.0,2016:08:05:15:09:15,0,1159000
2,116.400480,39.914409,16.4,177.4,13.0,2016:08:05:15:09:15,0,1160000
2,116.400488,39.914254,16.4,177.3,13.0,2016:08:05:15:09:15,0,1161000
2,116.400496,39.914104,16.4,176.7,13.0,2016:08:05:15:09:15,0,1162000
2,116.400510,39.913905,21.9,176.1,13.0,2016:08:05:15:09:15,0,1163000
2,116.400524,39.913730,18.6,175.4,16.0,2016:08:05:15:09:15,0,1164000
2,116.400532,39.913576,15.8,176.8,16.0,2016:08:05:15:09:15,0,1165000
2,116.400540,39.913397,17.2,177.6,16.0,2016:08:05:15:09:15,0,1166000
2,116.400552,39.913215,18.6,176.4,16.0,2016:08:05:15:09:15,0,1167000
2,116.400565,39.913007,22.2,176.4,16.0,2016:08:05:15:09:15,0,1168000
2,116.400578,39.912799,21.7,176.4,16.0,2016:08:05:15:09:15,0,1169000
2,116.400588,39.912643,15.0,176.5,16.0,2016:08:05:15:09:15,0,1170000
2,116.400593,39.912512,10.8,177.5,16.0,2016:08:05:15:09:15,0,1171000
2,116.400600,39.912355,16.4,177.5,16.0,2016:08:05:15:09:15,0,1172000
2,116.400610,39.912146,19.2,177.5,16.0,2016:08:05:15:09:15,0,1173000
2,116.400617,39.911937,21.9,178.1,16.0,2016:08:05:15:09:15,0,1174000
2,116.400617,39.911755,18.9,180.0,16.0,2016:08:05:15:09:15,0,1175000
2,116.400617,39.911599,16.1,180.0,16.0,2016:08:05:15:09:15,0,1176000
2,116.400624,39.911441,17.5,177.3,16.0,2016:08:05:15:09:15,0,1177000
2,116.400633,39.911258,19.2,177.3,16.0,2016:08:05:15:09:15,0,1178000
2,116.400642,39.911074,17.2,177.3,16.0,2016:08:05:15:09:15,0,1179000
2,116.400649,39.910895,15.8,177.5,16.0,2016:08:05:15:09:15,0,1180000
2,116.400654,39.910772,13.1,177.9,16.0,2016:08:05:15:09:15,0,1181000
2,116.400658,39.910614,17.2,178.6,16.0,2016:08:05:15:09:15,0,1182000
2,116.400663,39.910411,18.1,178.6,16.0,2016:08:05:15:09:15,0,1183000
2,116.400668,39.910233,16.7,178.3,16.0,2016:08:05:15:09:15,0,1184000
2,116.400676,39.910076,15.0,177.1,16.0,2016:08:05:15:09:15,0,1185000
2,116.400685,39.909894,17.2,177.1,16.0,2016:08:05:15:09:15,0,1186000
2,116.400692,39.909763,13.1,177.1,16.0,2016:08:05:15:09:15,0,1187000
2,116.400697,39.909611,13.1,178.0,16.0,2016:08:05:15:09:15,0,1188000
2,116.400690,39.909407,21.4,182.1,16.0,2016:08:05:15:09:15,0,1189000
2,116.400676,39.909171,25.6,183.2,16.0,2016:08:05:15:09:15,0,1190000
2,116.400666,39.908987,19.2,183.2,16.0,2016:08:05:15:09:15,0,1191000
2,116.400659,39.908855,12.2,183.2,16.0,2016:08:05:15:09:15,0,1192000
2,116.400645,39.908650,19.2,183.7,16.0,2016:08:05:15:09:15,0,1193000
2,116.400634,39.908471,19.2,183.7,16.0,2016:08:05:15:09:15,0,1194000
2,116.400621,39.908272,21.7,183.5,16.0,2016:08:05:15:09:15,0,1195000
2,116.400611,39.908041,22.8,182.5,16.0,2016:08:05:15:09:15,0,1196000
2,116.400604,39.907857,17.5,182.2,16.0,2016:08:05:15:09:15,0,1197000
2,116.400599,39.907725,13.3,182.2,16.0,2016:08:05:15:09:15,0,1198000
2,116.400595,39.907620,10.6,182.2,6.0,2016:08:05:15:09:15,0,1199000
2,116.400588,39.907435,17.5,182.2,6.0,2016:08:05:15:09:15,0,1200000
2,116.400581,39.907231,21.7,182.0,6.0,2016:08:05:15:09:15,0,1201000
2,116.400576,39.907051,18.6,181.6,6.0,2016:08:05:15:09:15,0,1202000
2,116.400573,39.906894,15.3,181.2,6.0,2016:08:05:15:09:15,0,1203000
2,116.400569,39.906738,15.3,181.2,6.0,2016:08:05:15:09:15,0,1204000
2,116.400319,39.906653,20.8,251.3,6.0,2016:08:05:15:09:15,0,1205000
2,116.400047,39.906642,20.8,267.7,6.0,2016:08:05:15:09:15,0,1206000
2,116.399850,39.906631,15.3,266.8,6.0,2016:08:05:15:09:15,0,1207000
2,116.399684,39.906622,12.8,267.1,6.0,2016:08:05:15:09:15,0,1208000
2,116.399451,39.906611,16.9,267.2,6.0,2016:08:05:15:09:15,0,1209000
2,116.399246,39.906602,16.9,267.5,6.0,2016:08:05:15:09:15,0,1210000
2,116.399006,39.906592,18.3,267.6,6.0,2016:08:05:15:09:15,0,1211000
2,116.398800,39.906584,15.6,267.6,6.0,2016:08:05:15:09:15,0,1212000
2,116.398561,39.906576,16.1,268.2,6.0,2016:08:05:15:09:15,0,1213000
2,116.398390,39.906572,14.7,268.6,6.0,2016:08:05:15:09:15,0,1214000
2,116.398130,39.906562,20.6,267.8,6.0,2016:08:05:15:09:15,0,1215000
2,116.397909,39.906551,16.4,267.2,6.0,2016:08:05:15:09:15,0,1216000
2,116.397666,39.906541,17.8,267.6,6.0,2016:08:05:15:09:15,0,1217000
2,116.397384,39.906529,21.4,267.7,6.0,2016:08:05:15:09:15,0,1218000
2,116.397138,39.906519,20.3,267.7,6.0,2016:08:05:15:09:15,0,1219000
2,116.396928,39.906508,14.7,267.0,6.0,2016:08:05:15:09:15,0,1220000
2,116.396648,39.906493,20.3,267.0,6.0,2016:08:05:15:09:15,0,1221000
2,116.396403,39.906480,19.4,267.0,6.0,2016:08:05:15:09:15,0,1222000
2,116.396158,39.906467,20.8,267.0,6.0,2016:08:05:15:09:15,0,1223000
2,116.395878,39.906452,20.8,267.0,6.0,2016:08:05:15:09:15,0,1224000
2,116.395633,39.906439,19.7,267.0,6.0,2016:08:05:15:09:15,0,1225000
2,116.395423,39.906428,15.8,267.0,6.0,2016:08:05:15:09:15,0,1226000
2,116.395248,39.906419,11.7,267.0,6.0,2016:08:05:15:09:15,0,1227000
2,116.395108,39.906411,11.7,267.0,6.0,2016:08:05:15:09:15,0,1228000
2,116.394968,39.906404,9.2,267.0,6.0,2016:08:05:15:09:15,0,1229000
2,116.394828,39.906396,11.4,267.0,6.0,2016:08:05:15:09:15,0,1230000
2,116.394653,39.906387,13.3,267.0,6.0,2016:08:05:15:09:15,0,1231000
2,116.394374,39.906372,18.6,267.0,6.0,2016:08:05:15:09:15,0,1232000
2,116.394147,39.906358,17.2,266.5,6.0,2016:08:05:15:09:15,0,1233000
2,116.393923,39.906345,18.6,266.4,6.0,2016:08:05:15:09:15,0,1234000
2,116.393755,39.906336,13.6,267.1,6.0,2016:08:05:15:09:15,0,1235000
2,116.393582,39.906328,14.2,267.5,6.0,2016:08:05:15:09:15,0,1236000
2,116.393409,39.906321,12.8,267.5,6.0,2016:08:05:15:09:15,0,1237000
2,116.393189,39.906301,13.9,264.8,6.0,2016:08:05:15:09:15,0,1238000
2,116.392921,39.906295,19.4,268.8,6.0,2016:08:05:15:09:15,0,1239000
2,116.392713,39.906289,17.5,268.4,9.0,2016:08:05:15:09:15,0,1240000
2,116.392539,39.906284,13.3,268.4,9.0,2016:08:05:15:09:15,0,1241000
2,116.392366,39.906280,14.7,268.4,9.0,2016:08:05:15:09:15,0,1242000
2,116.392192,39.906275,14.7,268.4,9.0,2016:08:05:15:09:15,0,1243000
2,116.392054,39.906271,10.8,268.4,9.0,2016:08:05:15:09:15,0,1244000
2,116.391811,39.906264,20.6,268.4,9.0,2016:08:05:15:09:15,0,1245000
2,116.391603,39.906258,15.8,268.4,9.0,2016:08:05:15:09:15,0,1246000
2,116.391464,39.906254,10.3,268.4,9.0,2016:08:05:15:09:15,0,1247000
2,116.391360,39.906252,14.4,268.4,9.0,2016:08:05:15:09:15,0,1248000
